<?xml version="1.0" encoding="UTF-8"?>
<coverage generated="1614392723300" clover="3.2.0">
  <project timestamp="1614392723300" name="All files">
    <metrics statements="226" coveredstatements="225" conditionals="76" coveredconditionals="64" methods="62" coveredmethods="59" elements="364" coveredelements="348" complexity="0" loc="226" ncloc="226" packages="4" files="5" classes="5"/>
    <package name="js">
      <metrics statements="6" coveredstatements="6" conditionals="2" coveredconditionals="1" methods="6" coveredmethods="6"/>
      <file name="observer.ts" path="C:\Users\tabas\Desktop\my project\SliderPlugin\src\js\observer.ts">
        <metrics statements="6" coveredstatements="6" conditionals="2" coveredconditionals="1" methods="6" coveredmethods="6"/>
        <line num="4" count="3" type="stmt"/>
        <line num="8" count="3" type="stmt"/>
        <line num="12" count="12" type="stmt"/>
        <line num="13" count="8" type="cond" truecount="1" falsecount="1"/>
        <line num="14" count="8" type="stmt"/>
        <line num="20" count="1" type="stmt"/>
      </file>
    </package>
    <package name="js.Model">
      <metrics statements="16" coveredstatements="16" conditionals="1" coveredconditionals="1" methods="6" coveredmethods="6"/>
      <file name="model.ts" path="C:\Users\tabas\Desktop\my project\SliderPlugin\src\js\Model\model.ts">
        <metrics statements="16" coveredstatements="16" conditionals="1" coveredconditionals="1" methods="6" coveredmethods="6"/>
        <line num="4" count="7" type="stmt"/>
        <line num="23" count="7" type="stmt"/>
        <line num="27" count="20" type="stmt"/>
        <line num="33" count="1" type="stmt"/>
        <line num="35" count="1" type="stmt"/>
        <line num="36" count="1" type="stmt"/>
        <line num="37" count="1" type="stmt"/>
        <line num="38" count="1" type="stmt"/>
        <line num="39" count="1" type="stmt"/>
        <line num="40" count="1" type="stmt"/>
        <line num="41" count="1" type="stmt"/>
        <line num="46" count="4" type="stmt"/>
        <line num="48" count="4" type="stmt"/>
        <line num="53" count="4" type="stmt"/>
        <line num="55" count="4" type="stmt"/>
        <line num="59" count="25" type="stmt"/>
      </file>
    </package>
    <package name="js.Presenter">
      <metrics statements="26" coveredstatements="25" conditionals="5" coveredconditionals="4" methods="5" coveredmethods="5"/>
      <file name="presenter.ts" path="C:\Users\tabas\Desktop\my project\SliderPlugin\src\js\Presenter\presenter.ts">
        <metrics statements="26" coveredstatements="25" conditionals="5" coveredconditionals="4" methods="5" coveredmethods="5"/>
        <line num="9" count="2" type="stmt"/>
        <line num="12" count="2" type="stmt"/>
        <line num="13" count="2" type="stmt"/>
        <line num="15" count="2" type="stmt"/>
        <line num="19" count="2" type="stmt"/>
        <line num="20" count="8" type="stmt"/>
        <line num="21" count="8" type="stmt"/>
        <line num="23" count="8" type="cond" truecount="3" falsecount="0"/>
        <line num="25" count="2" type="stmt"/>
        <line num="26" count="2" type="stmt"/>
        <line num="28" count="2" type="stmt"/>
        <line num="29" count="2" type="stmt"/>
        <line num="31" count="4" type="stmt"/>
        <line num="32" count="4" type="stmt"/>
        <line num="33" count="4" type="stmt"/>
        <line num="37" count="2" type="stmt"/>
        <line num="41" count="1" type="stmt"/>
        <line num="42" count="1" type="stmt"/>
        <line num="44" count="1" type="cond" truecount="1" falsecount="1"/>
        <line num="45" count="0" type="stmt"/>
        <line num="47" count="1" type="stmt"/>
        <line num="48" count="1" type="stmt"/>
        <line num="49" count="1" type="stmt"/>
        <line num="52" count="2" type="stmt"/>
        <line num="54" count="2" type="stmt"/>
        <line num="58" count="2" type="stmt"/>
      </file>
    </package>
    <package name="js.View">
      <metrics statements="178" coveredstatements="178" conditionals="68" coveredconditionals="58" methods="45" coveredmethods="42"/>
      <file name="subView.ts" path="C:\Users\tabas\Desktop\my project\SliderPlugin\src\js\View\subView.ts">
        <metrics statements="54" coveredstatements="54" conditionals="12" coveredconditionals="11" methods="18" coveredmethods="17"/>
        <line num="4" count="62" type="stmt"/>
        <line num="5" count="62" type="stmt"/>
        <line num="7" count="62" type="stmt"/>
        <line num="8" count="62" type="stmt"/>
        <line num="11" count="62" type="stmt"/>
        <line num="15" count="64" type="stmt"/>
        <line num="18" count="98" type="stmt"/>
        <line num="23" count="62" type="stmt"/>
        <line num="25" count="62" type="stmt"/>
        <line num="28" count="62" type="stmt"/>
        <line num="32" count="6" type="stmt"/>
        <line num="36" count="6" type="stmt"/>
        <line num="41" count="2" type="stmt"/>
        <line num="44" count="2" type="stmt"/>
        <line num="49" count="32" type="stmt"/>
        <line num="50" count="32" type="stmt"/>
        <line num="53" count="32" type="stmt"/>
        <line num="56" count="48" type="stmt"/>
        <line num="58" count="48" type="cond" truecount="2" falsecount="0"/>
        <line num="59" count="2" type="stmt"/>
        <line num="69" count="25" type="stmt"/>
        <line num="70" count="25" type="cond" truecount="2" falsecount="0"/>
        <line num="71" count="1" type="stmt"/>
        <line num="73" count="24" type="stmt"/>
        <line num="75" count="24" type="stmt"/>
        <line num="76" count="192" type="stmt"/>
        <line num="77" count="192" type="stmt"/>
        <line num="78" count="192" type="stmt"/>
        <line num="79" count="192" type="stmt"/>
        <line num="80" count="192" type="stmt"/>
        <line num="83" count="24" type="stmt"/>
        <line num="86" count="16" type="stmt"/>
        <line num="87" count="16" type="stmt"/>
        <line num="92" count="32" type="stmt"/>
        <line num="93" count="32" type="stmt"/>
        <line num="94" count="32" type="stmt"/>
        <line num="96" count="32" type="stmt"/>
        <line num="100" count="32" type="stmt"/>
        <line num="101" count="32" type="stmt"/>
        <line num="102" count="32" type="cond" truecount="2" falsecount="0"/>
        <line num="103" count="15" type="stmt"/>
        <line num="105" count="32" type="stmt"/>
        <line num="106" count="32" type="stmt"/>
        <line num="110" count="19" type="cond" truecount="2" falsecount="0"/>
        <line num="111" count="4" type="stmt"/>
        <line num="112" count="4" type="stmt"/>
        <line num="113" count="15" type="cond" truecount="1" falsecount="1"/>
        <line num="114" count="15" type="stmt"/>
        <line num="115" count="15" type="stmt"/>
        <line num="119" count="6" type="cond" truecount="2" falsecount="0"/>
        <line num="120" count="5" type="stmt"/>
        <line num="121" count="5" type="stmt"/>
        <line num="123" count="1" type="stmt"/>
        <line num="124" count="1" type="stmt"/>
      </file>
      <file name="view.ts" path="C:\Users\tabas\Desktop\my project\SliderPlugin\src\js\View\view.ts">
        <metrics statements="124" coveredstatements="124" conditionals="56" coveredconditionals="47" methods="27" coveredmethods="25"/>
        <line num="8" count="31" type="stmt"/>
        <line num="9" count="31" type="stmt"/>
        <line num="10" count="31" type="stmt"/>
        <line num="12" count="31" type="stmt"/>
        <line num="13" count="31" type="stmt"/>
        <line num="15" count="31" type="stmt"/>
        <line num="16" count="31" type="stmt"/>
        <line num="17" count="31" type="stmt"/>
        <line num="18" count="31" type="stmt"/>
        <line num="19" count="31" type="stmt"/>
        <line num="25" count="31" type="stmt"/>
        <line num="26" count="31" type="stmt"/>
        <line num="27" count="31" type="stmt"/>
        <line num="28" count="31" type="stmt"/>
        <line num="29" count="31" type="stmt"/>
        <line num="30" count="31" type="stmt"/>
        <line num="31" count="31" type="stmt"/>
        <line num="34" count="16" type="stmt"/>
        <line num="37" count="16" type="stmt"/>
        <line num="38" count="16" type="stmt"/>
        <line num="42" count="24" type="stmt"/>
        <line num="43" count="24" type="cond" truecount="1" falsecount="1"/>
        <line num="44" count="24" type="stmt"/>
        <line num="48" count="24" type="stmt"/>
        <line num="49" count="24" type="stmt"/>
        <line num="52" count="24" type="stmt"/>
        <line num="61" count="34" type="stmt"/>
        <line num="62" count="34" type="stmt"/>
        <line num="65" count="32" type="stmt"/>
        <line num="66" count="32" type="stmt"/>
        <line num="67" count="32" type="stmt"/>
        <line num="68" count="32" type="stmt"/>
        <line num="71" count="34" type="cond" truecount="1" falsecount="1"/>
        <line num="75" count="34" type="stmt"/>
        <line num="80" count="34" type="cond" truecount="2" falsecount="0"/>
        <line num="81" count="20" type="stmt"/>
        <line num="84" count="14" type="cond" truecount="1" falsecount="1"/>
        <line num="85" count="14" type="stmt"/>
        <line num="92" count="3" type="stmt"/>
        <line num="93" count="3" type="stmt"/>
        <line num="94" count="3" type="stmt"/>
        <line num="95" count="3" type="stmt"/>
        <line num="96" count="3" type="stmt"/>
        <line num="99" count="33" type="stmt"/>
        <line num="100" count="33" type="stmt"/>
        <line num="101" count="33" type="stmt"/>
        <line num="102" count="33" type="stmt"/>
        <line num="103" count="33" type="stmt"/>
        <line num="106" count="38" type="cond" truecount="2" falsecount="0"/>
        <line num="107" count="25" type="stmt"/>
        <line num="109" count="38" type="cond" truecount="2" falsecount="0"/>
        <line num="110" count="25" type="stmt"/>
        <line num="112" count="38" type="cond" truecount="2" falsecount="0"/>
        <line num="113" count="25" type="stmt"/>
        <line num="115" count="13" type="stmt"/>
        <line num="116" count="13" type="stmt"/>
        <line num="121" count="2" type="stmt"/>
        <line num="122" count="2" type="stmt"/>
        <line num="124" count="2" type="stmt"/>
        <line num="127" count="2" type="cond" truecount="2" falsecount="0"/>
        <line num="128" count="1" type="stmt"/>
        <line num="130" count="1" type="stmt"/>
        <line num="133" count="2" type="cond" truecount="1" falsecount="1"/>
        <line num="134" count="2" type="stmt"/>
        <line num="136" count="2" type="stmt"/>
        <line num="139" count="1" type="stmt"/>
        <line num="140" count="1" type="stmt"/>
        <line num="143" count="4" type="cond" truecount="2" falsecount="0"/>
        <line num="144" count="3" type="stmt"/>
        <line num="145" count="1" type="cond" truecount="1" falsecount="1"/>
        <line num="146" count="1" type="stmt"/>
        <line num="149" count="4" type="stmt"/>
        <line num="152" count="8" type="stmt"/>
        <line num="160" count="3" type="stmt"/>
        <line num="161" count="3" type="stmt"/>
        <line num="162" count="3" type="stmt"/>
        <line num="163" count="3" type="stmt"/>
        <line num="164" count="3" type="stmt"/>
        <line num="165" count="3" type="stmt"/>
        <line num="166" count="3" type="stmt"/>
        <line num="170" count="2" type="stmt"/>
        <line num="171" count="2" type="cond" truecount="2" falsecount="0"/>
        <line num="173" count="1" type="stmt"/>
        <line num="174" count="1" type="cond" truecount="1" falsecount="1"/>
        <line num="176" count="1" type="stmt"/>
        <line num="178" count="2" type="cond" truecount="2" falsecount="0"/>
        <line num="179" count="1" type="stmt"/>
        <line num="181" count="1" type="stmt"/>
        <line num="186" count="4" type="cond" truecount="2" falsecount="0"/>
        <line num="187" count="2" type="stmt"/>
        <line num="189" count="2" type="stmt"/>
        <line num="193" count="9" type="stmt"/>
        <line num="196" count="10" type="cond" truecount="2" falsecount="0"/>
        <line num="197" count="6" type="stmt"/>
        <line num="199" count="10" type="cond" truecount="2" falsecount="0"/>
        <line num="200" count="2" type="stmt"/>
        <line num="203" count="10" type="cond" truecount="2" falsecount="0"/>
        <line num="204" count="4" type="stmt"/>
        <line num="208" count="6" type="stmt"/>
        <line num="212" count="10" type="cond" truecount="2" falsecount="0"/>
        <line num="213" count="7" type="stmt"/>
        <line num="214" count="7" type="stmt"/>
        <line num="215" count="3" type="cond" truecount="1" falsecount="1"/>
        <line num="216" count="3" type="stmt"/>
        <line num="217" count="3" type="stmt"/>
        <line num="219" count="10" type="cond" truecount="2" falsecount="0"/>
        <line num="220" count="7" type="stmt"/>
        <line num="221" count="7" type="stmt"/>
        <line num="223" count="10" type="cond" truecount="2" falsecount="0"/>
        <line num="224" count="1" type="stmt"/>
        <line num="230" count="10" type="stmt"/>
        <line num="236" count="6" type="cond" truecount="2" falsecount="0"/>
        <line num="237" count="3" type="stmt"/>
        <line num="239" count="3" type="stmt"/>
        <line num="243" count="8" type="cond" truecount="2" falsecount="0"/>
        <line num="244" count="6" type="cond" truecount="2" falsecount="0"/>
        <line num="245" count="3" type="stmt"/>
        <line num="247" count="3" type="stmt"/>
        <line num="249" count="2" type="cond" truecount="1" falsecount="1"/>
        <line num="250" count="2" type="cond" truecount="2" falsecount="0"/>
        <line num="251" count="1" type="stmt"/>
        <line num="253" count="1" type="stmt"/>
        <line num="259" count="6" type="stmt"/>
        <line num="262" count="3" type="stmt"/>
      </file>
    </package>
  </project>
</coverage>
