{"C:\\Users\\tabas\\Desktop\\my project\\SliderPlugin\\src\\js\\observer.ts": {"path":"C:\\Users\\tabas\\Desktop\\my project\\SliderPlugin\\src\\js\\observer.ts","statementMap":{"0":{"start":{"line":4,"column":4},"end":{"line":4,"column":24}},"1":{"start":{"line":8,"column":4},"end":{"line":8,"column":28}},"2":{"start":{"line":12,"column":4},"end":{"line":16,"column":7}},"3":{"start":{"line":13,"column":6},"end":{"line":15,"column":7}},"4":{"start":{"line":14,"column":8},"end":{"line":14,"column":25}},"5":{"start":{"line":20,"column":4},"end":{"line":20,"column":78}},"6":{"start":{"line":20,"column":59},"end":{"line":20,"column":76}}},"fnMap":{"0":{"name":"(anonymous_0)","decl":{"start":{"line":3,"column":2},"end":{"line":3,"column":3}},"loc":{"start":{"line":3,"column":16},"end":{"line":5,"column":3}},"line":3},"1":{"name":"(anonymous_1)","decl":{"start":{"line":7,"column":2},"end":{"line":7,"column":3}},"loc":{"start":{"line":7,"column":26},"end":{"line":9,"column":3}},"line":7},"2":{"name":"(anonymous_2)","decl":{"start":{"line":11,"column":2},"end":{"line":11,"column":3}},"loc":{"start":{"line":11,"column":56},"end":{"line":17,"column":3}},"line":11},"3":{"name":"(anonymous_3)","decl":{"start":{"line":12,"column":27},"end":{"line":12,"column":28}},"loc":{"start":{"line":12,"column":48},"end":{"line":16,"column":5}},"line":12},"4":{"name":"(anonymous_4)","decl":{"start":{"line":19,"column":2},"end":{"line":19,"column":3}},"loc":{"start":{"line":19,"column":28},"end":{"line":21,"column":3}},"line":19},"5":{"name":"(anonymous_5)","decl":{"start":{"line":20,"column":43},"end":{"line":20,"column":44}},"loc":{"start":{"line":20,"column":59},"end":{"line":20,"column":76}},"line":20}},"branchMap":{"0":{"loc":{"start":{"line":13,"column":6},"end":{"line":15,"column":7}},"type":"if","locations":[{"start":{"line":13,"column":6},"end":{"line":15,"column":7}},{"start":{"line":13,"column":6},"end":{"line":15,"column":7}}],"line":13}},"s":{"0":3,"1":3,"2":12,"3":8,"4":8,"5":1,"6":1},"f":{"0":3,"1":3,"2":12,"3":8,"4":1,"5":1},"b":{"0":[8,0]},"_coverageSchema":"1a1c01bbd47fc00a2c39e90264f33305004495a9","hash":"7f159999bf0b78b5156deddce4d18283915053bb"}
,"C:\\Users\\tabas\\Desktop\\my project\\SliderPlugin\\src\\js\\Model\\model.ts": {"path":"C:\\Users\\tabas\\Desktop\\my project\\SliderPlugin\\src\\js\\Model\\model.ts","statementMap":{"0":{"start":{"line":4,"column":18},"end":{"line":20,"column":3}},"1":{"start":{"line":23,"column":4},"end":{"line":23,"column":35}},"2":{"start":{"line":27,"column":4},"end":{"line":30,"column":6}},"3":{"start":{"line":33,"column":4},"end":{"line":33,"column":19}},"4":{"start":{"line":35,"column":4},"end":{"line":35,"column":54}},"5":{"start":{"line":36,"column":4},"end":{"line":36,"column":54}},"6":{"start":{"line":37,"column":4},"end":{"line":37,"column":64}},"7":{"start":{"line":38,"column":4},"end":{"line":38,"column":54}},"8":{"start":{"line":39,"column":4},"end":{"line":39,"column":60}},"9":{"start":{"line":40,"column":4},"end":{"line":40,"column":60}},"10":{"start":{"line":41,"column":4},"end":{"line":41,"column":48}},"11":{"start":{"line":46,"column":6},"end":{"line":47,"column":25}},"12":{"start":{"line":48,"column":4},"end":{"line":49,"column":72}},"13":{"start":{"line":53,"column":6},"end":{"line":54,"column":25}},"14":{"start":{"line":55,"column":4},"end":{"line":56,"column":72}},"15":{"start":{"line":59,"column":4},"end":{"line":59,"column":22}}},"fnMap":{"0":{"name":"(anonymous_0)","decl":{"start":{"line":22,"column":2},"end":{"line":22,"column":3}},"loc":{"start":{"line":22,"column":48},"end":{"line":24,"column":3}},"line":22},"1":{"name":"(anonymous_1)","decl":{"start":{"line":26,"column":2},"end":{"line":26,"column":3}},"loc":{"start":{"line":26,"column":39},"end":{"line":31,"column":3}},"line":26},"2":{"name":"(anonymous_2)","decl":{"start":{"line":32,"column":2},"end":{"line":32,"column":3}},"loc":{"start":{"line":32,"column":43},"end":{"line":42,"column":3}},"line":32},"3":{"name":"(anonymous_3)","decl":{"start":{"line":44,"column":2},"end":{"line":44,"column":3}},"loc":{"start":{"line":44,"column":12},"end":{"line":50,"column":3}},"line":44},"4":{"name":"(anonymous_4)","decl":{"start":{"line":51,"column":2},"end":{"line":51,"column":3}},"loc":{"start":{"line":51,"column":13},"end":{"line":57,"column":3}},"line":51},"5":{"name":"(anonymous_5)","decl":{"start":{"line":58,"column":2},"end":{"line":58,"column":3}},"loc":{"start":{"line":58,"column":29},"end":{"line":60,"column":3}},"line":58}},"branchMap":{"0":{"loc":{"start":{"line":22,"column":14},"end":{"line":22,"column":46}},"type":"default-arg","locations":[{"start":{"line":22,"column":33},"end":{"line":22,"column":46}}],"line":22}},"s":{"0":7,"1":7,"2":20,"3":1,"4":1,"5":1,"6":1,"7":1,"8":1,"9":1,"10":1,"11":4,"12":4,"13":4,"14":4,"15":25},"f":{"0":7,"1":20,"2":1,"3":4,"4":4,"5":25},"b":{"0":[5]},"_coverageSchema":"1a1c01bbd47fc00a2c39e90264f33305004495a9","hash":"0ade3a1e1291307af9cfdb7d1cc0d5dab4006537"}
,"C:\\Users\\tabas\\Desktop\\my project\\SliderPlugin\\src\\js\\Presenter\\presenter.ts": {"path":"C:\\Users\\tabas\\Desktop\\my project\\SliderPlugin\\src\\js\\Presenter\\presenter.ts","statementMap":{"0":{"start":{"line":9,"column":26},"end":{"line":9,"column":28}},"1":{"start":{"line":12,"column":4},"end":{"line":12,"column":37}},"2":{"start":{"line":13,"column":4},"end":{"line":13,"column":50}},"3":{"start":{"line":15,"column":4},"end":{"line":15,"column":16}},"4":{"start":{"line":19,"column":4},"end":{"line":35,"column":7}},"5":{"start":{"line":20,"column":6},"end":{"line":20,"column":28}},"6":{"start":{"line":21,"column":6},"end":{"line":21,"column":50}},"7":{"start":{"line":23,"column":6},"end":{"line":34,"column":7}},"8":{"start":{"line":25,"column":10},"end":{"line":25,"column":31}},"9":{"start":{"line":26,"column":10},"end":{"line":26,"column":16}},"10":{"start":{"line":28,"column":10},"end":{"line":28,"column":32}},"11":{"start":{"line":29,"column":10},"end":{"line":29,"column":16}},"12":{"start":{"line":31,"column":10},"end":{"line":31,"column":32}},"13":{"start":{"line":32,"column":10},"end":{"line":32,"column":54}},"14":{"start":{"line":33,"column":10},"end":{"line":33,"column":16}},"15":{"start":{"line":37,"column":4},"end":{"line":37,"column":17}},"16":{"start":{"line":41,"column":17},"end":{"line":41,"column":47}},"17":{"start":{"line":42,"column":4},"end":{"line":42,"column":29}},"18":{"start":{"line":44,"column":4},"end":{"line":46,"column":5}},"19":{"start":{"line":45,"column":6},"end":{"line":45,"column":52}},"20":{"start":{"line":47,"column":4},"end":{"line":47,"column":48}},"21":{"start":{"line":48,"column":4},"end":{"line":48,"column":16}},"22":{"start":{"line":49,"column":4},"end":{"line":49,"column":17}},"23":{"start":{"line":52,"column":4},"end":{"line":52,"column":25}},"24":{"start":{"line":54,"column":4},"end":{"line":57,"column":6}},"25":{"start":{"line":58,"column":4},"end":{"line":58,"column":48}}},"fnMap":{"0":{"name":"(anonymous_0)","decl":{"start":{"line":11,"column":2},"end":{"line":11,"column":3}},"loc":{"start":{"line":11,"column":39},"end":{"line":16,"column":3}},"line":11},"1":{"name":"(anonymous_1)","decl":{"start":{"line":18,"column":2},"end":{"line":18,"column":3}},"loc":{"start":{"line":18,"column":9},"end":{"line":38,"column":3}},"line":18},"2":{"name":"(anonymous_2)","decl":{"start":{"line":19,"column":36},"end":{"line":19,"column":37}},"loc":{"start":{"line":19,"column":71},"end":{"line":35,"column":5}},"line":19},"3":{"name":"(anonymous_3)","decl":{"start":{"line":40,"column":2},"end":{"line":40,"column":3}},"loc":{"start":{"line":40,"column":30},"end":{"line":50,"column":3}},"line":40},"4":{"name":"(anonymous_4)","decl":{"start":{"line":51,"column":2},"end":{"line":51,"column":3}},"loc":{"start":{"line":51,"column":10},"end":{"line":59,"column":3}},"line":51}},"branchMap":{"0":{"loc":{"start":{"line":23,"column":6},"end":{"line":34,"column":7}},"type":"switch","locations":[{"start":{"line":24,"column":8},"end":{"line":26,"column":16}},{"start":{"line":27,"column":8},"end":{"line":29,"column":16}},{"start":{"line":30,"column":8},"end":{"line":33,"column":16}}],"line":23},"1":{"loc":{"start":{"line":44,"column":4},"end":{"line":46,"column":5}},"type":"if","locations":[{"start":{"line":44,"column":4},"end":{"line":46,"column":5}},{"start":{"line":44,"column":4},"end":{"line":46,"column":5}}],"line":44}},"s":{"0":2,"1":2,"2":2,"3":2,"4":2,"5":8,"6":8,"7":8,"8":2,"9":2,"10":2,"11":2,"12":4,"13":4,"14":4,"15":2,"16":1,"17":1,"18":1,"19":0,"20":1,"21":1,"22":1,"23":2,"24":2,"25":2},"f":{"0":2,"1":2,"2":8,"3":1,"4":2},"b":{"0":[2,2,4],"1":[0,1]},"_coverageSchema":"1a1c01bbd47fc00a2c39e90264f33305004495a9","hash":"65bfecc247f38393886807e620e2635812acbac8"}
,"C:\\Users\\tabas\\Desktop\\my project\\SliderPlugin\\src\\js\\View\\subView.ts": {"path":"C:\\Users\\tabas\\Desktop\\my project\\SliderPlugin\\src\\js\\View\\subView.ts","statementMap":{"0":{"start":{"line":4,"column":24},"end":{"line":4,"column":53}},"1":{"start":{"line":5,"column":24},"end":{"line":5,"column":27}},"2":{"start":{"line":7,"column":4},"end":{"line":7,"column":16}},"3":{"start":{"line":8,"column":4},"end":{"line":8,"column":17}},"4":{"start":{"line":11,"column":4},"end":{"line":11,"column":51}},"5":{"start":{"line":15,"column":4},"end":{"line":15,"column":57}},"6":{"start":{"line":15,"column":46},"end":{"line":15,"column":55}},"7":{"start":{"line":18,"column":4},"end":{"line":18,"column":60}},"8":{"start":{"line":23,"column":28},"end":{"line":23,"column":57}},"9":{"start":{"line":25,"column":4},"end":{"line":25,"column":16}},"10":{"start":{"line":28,"column":4},"end":{"line":28,"column":56}},"11":{"start":{"line":32,"column":4},"end":{"line":32,"column":44}},"12":{"start":{"line":36,"column":4},"end":{"line":38,"column":10}},"13":{"start":{"line":41,"column":4},"end":{"line":43,"column":10}},"14":{"start":{"line":44,"column":4},"end":{"line":44,"column":77}},"15":{"start":{"line":49,"column":31},"end":{"line":49,"column":59}},"16":{"start":{"line":50,"column":19},"end":{"line":50,"column":31}},"17":{"start":{"line":53,"column":4},"end":{"line":53,"column":16}},"18":{"start":{"line":56,"column":4},"end":{"line":56,"column":47}},"19":{"start":{"line":58,"column":4},"end":{"line":60,"column":5}},"20":{"start":{"line":59,"column":6},"end":{"line":59,"column":61}},"21":{"start":{"line":69,"column":4},"end":{"line":69,"column":35}},"22":{"start":{"line":70,"column":4},"end":{"line":72,"column":5}},"23":{"start":{"line":71,"column":6},"end":{"line":71,"column":27}},"24":{"start":{"line":73,"column":27},"end":{"line":73,"column":56}},"25":{"start":{"line":75,"column":4},"end":{"line":81,"column":5}},"26":{"start":{"line":75,"column":17},"end":{"line":75,"column":18}},"27":{"start":{"line":76,"column":15},"end":{"line":76,"column":43}},"28":{"start":{"line":77,"column":6},"end":{"line":77,"column":43}},"29":{"start":{"line":78,"column":6},"end":{"line":78,"column":78}},"30":{"start":{"line":79,"column":6},"end":{"line":79,"column":44}},"31":{"start":{"line":80,"column":6},"end":{"line":80,"column":31}},"32":{"start":{"line":83,"column":4},"end":{"line":83,"column":25}},"33":{"start":{"line":86,"column":4},"end":{"line":86,"column":25}},"34":{"start":{"line":87,"column":4},"end":{"line":87,"column":16}},"35":{"start":{"line":92,"column":29},"end":{"line":92,"column":58}},"36":{"start":{"line":93,"column":34},"end":{"line":93,"column":63}},"37":{"start":{"line":94,"column":19},"end":{"line":94,"column":31}},"38":{"start":{"line":96,"column":4},"end":{"line":96,"column":22}},"39":{"start":{"line":100,"column":4},"end":{"line":100,"column":49}},"40":{"start":{"line":101,"column":4},"end":{"line":101,"column":61}},"41":{"start":{"line":102,"column":4},"end":{"line":104,"column":5}},"42":{"start":{"line":103,"column":6},"end":{"line":103,"column":63}},"43":{"start":{"line":105,"column":4},"end":{"line":105,"column":56}},"44":{"start":{"line":106,"column":4},"end":{"line":106,"column":28}},"45":{"start":{"line":110,"column":4},"end":{"line":116,"column":5}},"46":{"start":{"line":111,"column":6},"end":{"line":111,"column":27}},"47":{"start":{"line":112,"column":6},"end":{"line":112,"column":63}},"48":{"start":{"line":113,"column":11},"end":{"line":116,"column":5}},"49":{"start":{"line":114,"column":6},"end":{"line":114,"column":27}},"50":{"start":{"line":115,"column":6},"end":{"line":115,"column":66}},"51":{"start":{"line":119,"column":4},"end":{"line":125,"column":5}},"52":{"start":{"line":120,"column":6},"end":{"line":120,"column":52}},"53":{"start":{"line":121,"column":6},"end":{"line":121,"column":61}},"54":{"start":{"line":123,"column":6},"end":{"line":123,"column":51}},"55":{"start":{"line":124,"column":6},"end":{"line":124,"column":62}}},"fnMap":{"0":{"name":"(anonymous_0)","decl":{"start":{"line":6,"column":2},"end":{"line":6,"column":3}},"loc":{"start":{"line":6,"column":16},"end":{"line":9,"column":3}},"line":6},"1":{"name":"(anonymous_1)","decl":{"start":{"line":10,"column":2},"end":{"line":10,"column":3}},"loc":{"start":{"line":10,"column":9},"end":{"line":12,"column":3}},"line":10},"2":{"name":"(anonymous_2)","decl":{"start":{"line":14,"column":2},"end":{"line":14,"column":3}},"loc":{"start":{"line":14,"column":43},"end":{"line":16,"column":3}},"line":14},"3":{"name":"(anonymous_3)","decl":{"start":{"line":15,"column":39},"end":{"line":15,"column":40}},"loc":{"start":{"line":15,"column":46},"end":{"line":15,"column":55}},"line":15},"4":{"name":"(anonymous_4)","decl":{"start":{"line":17,"column":2},"end":{"line":17,"column":3}},"loc":{"start":{"line":17,"column":10},"end":{"line":19,"column":3}},"line":17},"5":{"name":"(anonymous_5)","decl":{"start":{"line":24,"column":2},"end":{"line":24,"column":3}},"loc":{"start":{"line":24,"column":16},"end":{"line":26,"column":3}},"line":24},"6":{"name":"(anonymous_6)","decl":{"start":{"line":27,"column":2},"end":{"line":27,"column":3}},"loc":{"start":{"line":27,"column":9},"end":{"line":29,"column":3}},"line":27},"7":{"name":"(anonymous_7)","decl":{"start":{"line":31,"column":2},"end":{"line":31,"column":3}},"loc":{"start":{"line":31,"column":30},"end":{"line":33,"column":3}},"line":31},"8":{"name":"(anonymous_8)","decl":{"start":{"line":35,"column":2},"end":{"line":35,"column":3}},"loc":{"start":{"line":35,"column":44},"end":{"line":39,"column":3}},"line":35},"9":{"name":"(anonymous_9)","decl":{"start":{"line":40,"column":2},"end":{"line":40,"column":3}},"loc":{"start":{"line":40,"column":44},"end":{"line":45,"column":3}},"line":40},"10":{"name":"(anonymous_10)","decl":{"start":{"line":52,"column":2},"end":{"line":52,"column":3}},"loc":{"start":{"line":52,"column":16},"end":{"line":54,"column":3}},"line":52},"11":{"name":"(anonymous_11)","decl":{"start":{"line":55,"column":2},"end":{"line":55,"column":3}},"loc":{"start":{"line":55,"column":9},"end":{"line":61,"column":3}},"line":55},"12":{"name":"(anonymous_12)","decl":{"start":{"line":62,"column":2},"end":{"line":62,"column":3}},"loc":{"start":{"line":67,"column":17},"end":{"line":84,"column":3}},"line":67},"13":{"name":"(anonymous_13)","decl":{"start":{"line":85,"column":2},"end":{"line":85,"column":3}},"loc":{"start":{"line":85,"column":23},"end":{"line":88,"column":3}},"line":85},"14":{"name":"(anonymous_14)","decl":{"start":{"line":95,"column":2},"end":{"line":95,"column":3}},"loc":{"start":{"line":95,"column":30},"end":{"line":97,"column":3}},"line":95},"15":{"name":"(anonymous_15)","decl":{"start":{"line":99,"column":2},"end":{"line":99,"column":3}},"loc":{"start":{"line":99,"column":36},"end":{"line":107,"column":3}},"line":99},"16":{"name":"(anonymous_16)","decl":{"start":{"line":109,"column":2},"end":{"line":109,"column":3}},"loc":{"start":{"line":109,"column":23},"end":{"line":117,"column":3}},"line":109},"17":{"name":"(anonymous_17)","decl":{"start":{"line":118,"column":2},"end":{"line":118,"column":3}},"loc":{"start":{"line":118,"column":42},"end":{"line":126,"column":3}},"line":118}},"branchMap":{"0":{"loc":{"start":{"line":58,"column":4},"end":{"line":60,"column":5}},"type":"if","locations":[{"start":{"line":58,"column":4},"end":{"line":60,"column":5}},{"start":{"line":58,"column":4},"end":{"line":60,"column":5}}],"line":58},"1":{"loc":{"start":{"line":70,"column":4},"end":{"line":72,"column":5}},"type":"if","locations":[{"start":{"line":70,"column":4},"end":{"line":72,"column":5}},{"start":{"line":70,"column":4},"end":{"line":72,"column":5}}],"line":70},"2":{"loc":{"start":{"line":102,"column":4},"end":{"line":104,"column":5}},"type":"if","locations":[{"start":{"line":102,"column":4},"end":{"line":104,"column":5}},{"start":{"line":102,"column":4},"end":{"line":104,"column":5}}],"line":102},"3":{"loc":{"start":{"line":110,"column":4},"end":{"line":116,"column":5}},"type":"if","locations":[{"start":{"line":110,"column":4},"end":{"line":116,"column":5}},{"start":{"line":110,"column":4},"end":{"line":116,"column":5}}],"line":110},"4":{"loc":{"start":{"line":113,"column":11},"end":{"line":116,"column":5}},"type":"if","locations":[{"start":{"line":113,"column":11},"end":{"line":116,"column":5}},{"start":{"line":113,"column":11},"end":{"line":116,"column":5}}],"line":113},"5":{"loc":{"start":{"line":119,"column":4},"end":{"line":125,"column":5}},"type":"if","locations":[{"start":{"line":119,"column":4},"end":{"line":125,"column":5}},{"start":{"line":119,"column":4},"end":{"line":125,"column":5}}],"line":119}},"s":{"0":62,"1":62,"2":62,"3":62,"4":62,"5":64,"6":0,"7":98,"8":62,"9":62,"10":62,"11":6,"12":6,"13":2,"14":2,"15":32,"16":32,"17":32,"18":48,"19":48,"20":2,"21":25,"22":25,"23":1,"24":24,"25":24,"26":24,"27":192,"28":192,"29":192,"30":192,"31":192,"32":24,"33":16,"34":16,"35":32,"36":32,"37":32,"38":32,"39":32,"40":32,"41":32,"42":15,"43":32,"44":32,"45":19,"46":4,"47":4,"48":15,"49":15,"50":15,"51":6,"52":5,"53":5,"54":1,"55":1},"f":{"0":62,"1":62,"2":64,"3":0,"4":98,"5":62,"6":62,"7":6,"8":6,"9":2,"10":32,"11":48,"12":25,"13":16,"14":32,"15":32,"16":19,"17":6},"b":{"0":[2,46],"1":[1,24],"2":[15,17],"3":[4,15],"4":[15,0],"5":[5,1]},"_coverageSchema":"1a1c01bbd47fc00a2c39e90264f33305004495a9","hash":"5101c7c4dac4640143d560c8dc8d54cc20a6bfbc"}
,"C:\\Users\\tabas\\Desktop\\my project\\SliderPlugin\\src\\js\\View\\view.ts": {"path":"C:\\Users\\tabas\\Desktop\\my project\\SliderPlugin\\src\\js\\View\\view.ts","statementMap":{"0":{"start":{"line":8,"column":24},"end":{"line":8,"column":25}},"1":{"start":{"line":9,"column":23},"end":{"line":9,"column":35}},"2":{"start":{"line":10,"column":24},"end":{"line":10,"column":36}},"3":{"start":{"line":12,"column":33},"end":{"line":12,"column":51}},"4":{"start":{"line":13,"column":34},"end":{"line":13,"column":52}},"5":{"start":{"line":15,"column":23},"end":{"line":15,"column":37}},"6":{"start":{"line":16,"column":24},"end":{"line":16,"column":26}},"7":{"start":{"line":17,"column":22},"end":{"line":17,"column":49}},"8":{"start":{"line":18,"column":31},"end":{"line":18,"column":53}},"9":{"start":{"line":19,"column":22},"end":{"line":19,"column":27}},"10":{"start":{"line":25,"column":4},"end":{"line":25,"column":23}},"11":{"start":{"line":26,"column":4},"end":{"line":26,"column":75}},"12":{"start":{"line":27,"column":4},"end":{"line":27,"column":44}},"13":{"start":{"line":28,"column":4},"end":{"line":28,"column":38}},"14":{"start":{"line":29,"column":4},"end":{"line":29,"column":57}},"15":{"start":{"line":30,"column":4},"end":{"line":30,"column":51}},"16":{"start":{"line":31,"column":4},"end":{"line":31,"column":22}},"17":{"start":{"line":34,"column":4},"end":{"line":36,"column":6}},"18":{"start":{"line":37,"column":4},"end":{"line":37,"column":44}},"19":{"start":{"line":38,"column":4},"end":{"line":38,"column":42}},"20":{"start":{"line":42,"column":4},"end":{"line":42,"column":52}},"21":{"start":{"line":43,"column":4},"end":{"line":45,"column":5}},"22":{"start":{"line":44,"column":6},"end":{"line":44,"column":62}},"23":{"start":{"line":48,"column":4},"end":{"line":48,"column":26}},"24":{"start":{"line":49,"column":4},"end":{"line":49,"column":47}},"25":{"start":{"line":52,"column":4},"end":{"line":57,"column":6}},"26":{"start":{"line":61,"column":4},"end":{"line":61,"column":53}},"27":{"start":{"line":62,"column":4},"end":{"line":62,"column":41}},"28":{"start":{"line":65,"column":4},"end":{"line":65,"column":73}},"29":{"start":{"line":66,"column":4},"end":{"line":66,"column":72}},"30":{"start":{"line":67,"column":4},"end":{"line":67,"column":69}},"31":{"start":{"line":68,"column":4},"end":{"line":68,"column":72}},"32":{"start":{"line":71,"column":4},"end":{"line":89,"column":5}},"33":{"start":{"line":75,"column":6},"end":{"line":78,"column":9}},"34":{"start":{"line":80,"column":6},"end":{"line":88,"column":7}},"35":{"start":{"line":81,"column":8},"end":{"line":83,"column":11}},"36":{"start":{"line":84,"column":13},"end":{"line":88,"column":7}},"37":{"start":{"line":85,"column":8},"end":{"line":87,"column":11}},"38":{"start":{"line":92,"column":4},"end":{"line":92,"column":31}},"39":{"start":{"line":93,"column":4},"end":{"line":93,"column":16}},"40":{"start":{"line":94,"column":4},"end":{"line":94,"column":19}},"41":{"start":{"line":95,"column":4},"end":{"line":95,"column":24}},"42":{"start":{"line":96,"column":4},"end":{"line":96,"column":48}},"43":{"start":{"line":99,"column":4},"end":{"line":99,"column":16}},"44":{"start":{"line":100,"column":4},"end":{"line":100,"column":19}},"45":{"start":{"line":101,"column":4},"end":{"line":101,"column":21}},"46":{"start":{"line":102,"column":4},"end":{"line":102,"column":24}},"47":{"start":{"line":103,"column":4},"end":{"line":103,"column":48}},"48":{"start":{"line":106,"column":4},"end":{"line":108,"column":5}},"49":{"start":{"line":107,"column":6},"end":{"line":107,"column":30}},"50":{"start":{"line":109,"column":4},"end":{"line":111,"column":5}},"51":{"start":{"line":110,"column":6},"end":{"line":110,"column":28}},"52":{"start":{"line":112,"column":4},"end":{"line":117,"column":5}},"53":{"start":{"line":113,"column":6},"end":{"line":113,"column":63}},"54":{"start":{"line":115,"column":6},"end":{"line":115,"column":46}},"55":{"start":{"line":116,"column":6},"end":{"line":116,"column":47}},"56":{"start":{"line":121,"column":4},"end":{"line":121,"column":62}},"57":{"start":{"line":122,"column":4},"end":{"line":122,"column":65}},"58":{"start":{"line":124,"column":4},"end":{"line":124,"column":54}},"59":{"start":{"line":127,"column":4},"end":{"line":131,"column":5}},"60":{"start":{"line":128,"column":6},"end":{"line":128,"column":27}},"61":{"start":{"line":130,"column":6},"end":{"line":130,"column":28}},"62":{"start":{"line":133,"column":4},"end":{"line":135,"column":5}},"63":{"start":{"line":134,"column":6},"end":{"line":134,"column":55}},"64":{"start":{"line":134,"column":49},"end":{"line":134,"column":54}},"65":{"start":{"line":136,"column":4},"end":{"line":136,"column":54}},"66":{"start":{"line":136,"column":48},"end":{"line":136,"column":53}},"67":{"start":{"line":139,"column":4},"end":{"line":139,"column":65}},"68":{"start":{"line":140,"column":4},"end":{"line":140,"column":30}},"69":{"start":{"line":143,"column":4},"end":{"line":147,"column":5}},"70":{"start":{"line":144,"column":6},"end":{"line":144,"column":48}},"71":{"start":{"line":145,"column":11},"end":{"line":147,"column":5}},"72":{"start":{"line":146,"column":6},"end":{"line":146,"column":47}},"73":{"start":{"line":149,"column":4},"end":{"line":149,"column":68}},"74":{"start":{"line":152,"column":4},"end":{"line":156,"column":6}},"75":{"start":{"line":160,"column":4},"end":{"line":167,"column":7}},"76":{"start":{"line":161,"column":6},"end":{"line":161,"column":50}},"77":{"start":{"line":162,"column":6},"end":{"line":162,"column":27}},"78":{"start":{"line":163,"column":6},"end":{"line":163,"column":27}},"79":{"start":{"line":164,"column":6},"end":{"line":164,"column":51}},"80":{"start":{"line":165,"column":6},"end":{"line":165,"column":28}},"81":{"start":{"line":166,"column":6},"end":{"line":166,"column":27}},"82":{"start":{"line":170,"column":23},"end":{"line":170,"column":24}},"83":{"start":{"line":171,"column":4},"end":{"line":177,"column":5}},"84":{"start":{"line":173,"column":6},"end":{"line":173,"column":39}},"85":{"start":{"line":174,"column":11},"end":{"line":177,"column":5}},"86":{"start":{"line":176,"column":6},"end":{"line":176,"column":39}},"87":{"start":{"line":178,"column":4},"end":{"line":182,"column":5}},"88":{"start":{"line":179,"column":6},"end":{"line":179,"column":28}},"89":{"start":{"line":181,"column":6},"end":{"line":181,"column":48}},"90":{"start":{"line":186,"column":4},"end":{"line":188,"column":5}},"91":{"start":{"line":187,"column":6},"end":{"line":187,"column":78}},"92":{"start":{"line":189,"column":4},"end":{"line":189,"column":76}},"93":{"start":{"line":193,"column":4},"end":{"line":193,"column":71}},"94":{"start":{"line":196,"column":4},"end":{"line":198,"column":5}},"95":{"start":{"line":197,"column":6},"end":{"line":197,"column":14}},"96":{"start":{"line":199,"column":4},"end":{"line":201,"column":5}},"97":{"start":{"line":200,"column":6},"end":{"line":200,"column":16}},"98":{"start":{"line":203,"column":4},"end":{"line":211,"column":5}},"99":{"start":{"line":204,"column":6},"end":{"line":206,"column":9}},"100":{"start":{"line":208,"column":6},"end":{"line":210,"column":9}},"101":{"start":{"line":212,"column":4},"end":{"line":218,"column":5}},"102":{"start":{"line":213,"column":6},"end":{"line":213,"column":78}},"103":{"start":{"line":214,"column":6},"end":{"line":214,"column":69}},"104":{"start":{"line":215,"column":11},"end":{"line":218,"column":5}},"105":{"start":{"line":216,"column":6},"end":{"line":216,"column":69}},"106":{"start":{"line":217,"column":6},"end":{"line":217,"column":77}},"107":{"start":{"line":219,"column":4},"end":{"line":222,"column":5}},"108":{"start":{"line":220,"column":6},"end":{"line":220,"column":30}},"109":{"start":{"line":221,"column":6},"end":{"line":221,"column":29}},"110":{"start":{"line":223,"column":4},"end":{"line":228,"column":5}},"111":{"start":{"line":224,"column":6},"end":{"line":227,"column":8}},"112":{"start":{"line":230,"column":4},"end":{"line":230,"column":28}},"113":{"start":{"line":236,"column":4},"end":{"line":240,"column":5}},"114":{"start":{"line":237,"column":6},"end":{"line":237,"column":55}},"115":{"start":{"line":239,"column":6},"end":{"line":239,"column":56}},"116":{"start":{"line":243,"column":4},"end":{"line":255,"column":5}},"117":{"start":{"line":244,"column":6},"end":{"line":248,"column":7}},"118":{"start":{"line":245,"column":8},"end":{"line":245,"column":65}},"119":{"start":{"line":247,"column":8},"end":{"line":247,"column":66}},"120":{"start":{"line":249,"column":11},"end":{"line":255,"column":5}},"121":{"start":{"line":250,"column":6},"end":{"line":254,"column":7}},"122":{"start":{"line":251,"column":8},"end":{"line":251,"column":65}},"123":{"start":{"line":253,"column":8},"end":{"line":253,"column":66}},"124":{"start":{"line":259,"column":4},"end":{"line":259,"column":71}},"125":{"start":{"line":262,"column":4},"end":{"line":262,"column":24}}},"fnMap":{"0":{"name":"(anonymous_0)","decl":{"start":{"line":24,"column":2},"end":{"line":24,"column":3}},"loc":{"start":{"line":24,"column":29},"end":{"line":32,"column":3}},"line":24},"1":{"name":"(anonymous_1)","decl":{"start":{"line":33,"column":2},"end":{"line":33,"column":3}},"loc":{"start":{"line":33,"column":29},"end":{"line":39,"column":3}},"line":33},"2":{"name":"(anonymous_2)","decl":{"start":{"line":41,"column":2},"end":{"line":41,"column":3}},"loc":{"start":{"line":41,"column":21},"end":{"line":46,"column":3}},"line":41},"3":{"name":"(anonymous_3)","decl":{"start":{"line":47,"column":2},"end":{"line":47,"column":3}},"loc":{"start":{"line":47,"column":19},"end":{"line":50,"column":3}},"line":47},"4":{"name":"(anonymous_4)","decl":{"start":{"line":51,"column":2},"end":{"line":51,"column":3}},"loc":{"start":{"line":51,"column":19},"end":{"line":58,"column":3}},"line":51},"5":{"name":"(anonymous_5)","decl":{"start":{"line":60,"column":2},"end":{"line":60,"column":3}},"loc":{"start":{"line":60,"column":12},"end":{"line":63,"column":3}},"line":60},"6":{"name":"(anonymous_6)","decl":{"start":{"line":64,"column":2},"end":{"line":64,"column":3}},"loc":{"start":{"line":64,"column":14},"end":{"line":69,"column":3}},"line":64},"7":{"name":"(anonymous_7)","decl":{"start":{"line":70,"column":2},"end":{"line":70,"column":3}},"loc":{"start":{"line":70,"column":17},"end":{"line":90,"column":3}},"line":70},"8":{"name":"(anonymous_8)","decl":{"start":{"line":91,"column":2},"end":{"line":91,"column":3}},"loc":{"start":{"line":91,"column":13},"end":{"line":97,"column":3}},"line":91},"9":{"name":"(anonymous_9)","decl":{"start":{"line":98,"column":2},"end":{"line":98,"column":3}},"loc":{"start":{"line":98,"column":15},"end":{"line":104,"column":3}},"line":98},"10":{"name":"(anonymous_10)","decl":{"start":{"line":105,"column":2},"end":{"line":105,"column":3}},"loc":{"start":{"line":105,"column":9},"end":{"line":118,"column":3}},"line":105},"11":{"name":"(anonymous_11)","decl":{"start":{"line":120,"column":2},"end":{"line":120,"column":3}},"loc":{"start":{"line":120,"column":36},"end":{"line":137,"column":3}},"line":120},"12":{"name":"(anonymous_12)","decl":{"start":{"line":134,"column":43},"end":{"line":134,"column":44}},"loc":{"start":{"line":134,"column":49},"end":{"line":134,"column":54}},"line":134},"13":{"name":"(anonymous_13)","decl":{"start":{"line":136,"column":42},"end":{"line":136,"column":43}},"loc":{"start":{"line":136,"column":48},"end":{"line":136,"column":53}},"line":136},"14":{"name":"(anonymous_14)","decl":{"start":{"line":138,"column":2},"end":{"line":138,"column":3}},"loc":{"start":{"line":138,"column":11},"end":{"line":141,"column":3}},"line":138},"15":{"name":"(anonymous_15)","decl":{"start":{"line":142,"column":2},"end":{"line":142,"column":3}},"loc":{"start":{"line":142,"column":40},"end":{"line":150,"column":3}},"line":142},"16":{"name":"(anonymous_16)","decl":{"start":{"line":151,"column":2},"end":{"line":151,"column":3}},"loc":{"start":{"line":151,"column":37},"end":{"line":157,"column":3}},"line":151},"17":{"name":"(anonymous_17)","decl":{"start":{"line":159,"column":2},"end":{"line":159,"column":3}},"loc":{"start":{"line":159,"column":37},"end":{"line":168,"column":3}},"line":159},"18":{"name":"(anonymous_18)","decl":{"start":{"line":160,"column":27},"end":{"line":160,"column":28}},"loc":{"start":{"line":160,"column":33},"end":{"line":167,"column":5}},"line":160},"19":{"name":"(anonymous_19)","decl":{"start":{"line":169,"column":2},"end":{"line":169,"column":3}},"loc":{"start":{"line":169,"column":29},"end":{"line":183,"column":3}},"line":169},"20":{"name":"(anonymous_20)","decl":{"start":{"line":185,"column":2},"end":{"line":185,"column":3}},"loc":{"start":{"line":185,"column":35},"end":{"line":190,"column":3}},"line":185},"21":{"name":"(anonymous_21)","decl":{"start":{"line":192,"column":2},"end":{"line":192,"column":3}},"loc":{"start":{"line":192,"column":37},"end":{"line":194,"column":3}},"line":192},"22":{"name":"(anonymous_22)","decl":{"start":{"line":195,"column":2},"end":{"line":195,"column":3}},"loc":{"start":{"line":195,"column":32},"end":{"line":233,"column":3}},"line":195},"23":{"name":"(anonymous_23)","decl":{"start":{"line":235,"column":2},"end":{"line":235,"column":3}},"loc":{"start":{"line":235,"column":21},"end":{"line":241,"column":3}},"line":235},"24":{"name":"(anonymous_24)","decl":{"start":{"line":242,"column":2},"end":{"line":242,"column":3}},"loc":{"start":{"line":242,"column":20},"end":{"line":256,"column":3}},"line":242},"25":{"name":"(anonymous_25)","decl":{"start":{"line":258,"column":2},"end":{"line":258,"column":3}},"loc":{"start":{"line":258,"column":21},"end":{"line":260,"column":3}},"line":258},"26":{"name":"(anonymous_26)","decl":{"start":{"line":261,"column":2},"end":{"line":261,"column":3}},"loc":{"start":{"line":261,"column":27},"end":{"line":263,"column":3}},"line":261}},"branchMap":{"0":{"loc":{"start":{"line":43,"column":4},"end":{"line":45,"column":5}},"type":"if","locations":[{"start":{"line":43,"column":4},"end":{"line":45,"column":5}},{"start":{"line":43,"column":4},"end":{"line":45,"column":5}}],"line":43},"1":{"loc":{"start":{"line":71,"column":4},"end":{"line":89,"column":5}},"type":"if","locations":[{"start":{"line":71,"column":4},"end":{"line":89,"column":5}},{"start":{"line":71,"column":4},"end":{"line":89,"column":5}}],"line":71},"2":{"loc":{"start":{"line":72,"column":6},"end":{"line":73,"column":63}},"type":"binary-expr","locations":[{"start":{"line":72,"column":6},"end":{"line":72,"column":61}},{"start":{"line":73,"column":6},"end":{"line":73,"column":63}}],"line":72},"3":{"loc":{"start":{"line":80,"column":6},"end":{"line":88,"column":7}},"type":"if","locations":[{"start":{"line":80,"column":6},"end":{"line":88,"column":7}},{"start":{"line":80,"column":6},"end":{"line":88,"column":7}}],"line":80},"4":{"loc":{"start":{"line":84,"column":13},"end":{"line":88,"column":7}},"type":"if","locations":[{"start":{"line":84,"column":13},"end":{"line":88,"column":7}},{"start":{"line":84,"column":13},"end":{"line":88,"column":7}}],"line":84},"5":{"loc":{"start":{"line":106,"column":4},"end":{"line":108,"column":5}},"type":"if","locations":[{"start":{"line":106,"column":4},"end":{"line":108,"column":5}},{"start":{"line":106,"column":4},"end":{"line":108,"column":5}}],"line":106},"6":{"loc":{"start":{"line":109,"column":4},"end":{"line":111,"column":5}},"type":"if","locations":[{"start":{"line":109,"column":4},"end":{"line":111,"column":5}},{"start":{"line":109,"column":4},"end":{"line":111,"column":5}}],"line":109},"7":{"loc":{"start":{"line":112,"column":4},"end":{"line":117,"column":5}},"type":"if","locations":[{"start":{"line":112,"column":4},"end":{"line":117,"column":5}},{"start":{"line":112,"column":4},"end":{"line":117,"column":5}}],"line":112},"8":{"loc":{"start":{"line":127,"column":4},"end":{"line":131,"column":5}},"type":"if","locations":[{"start":{"line":127,"column":4},"end":{"line":131,"column":5}},{"start":{"line":127,"column":4},"end":{"line":131,"column":5}}],"line":127},"9":{"loc":{"start":{"line":133,"column":4},"end":{"line":135,"column":5}},"type":"if","locations":[{"start":{"line":133,"column":4},"end":{"line":135,"column":5}},{"start":{"line":133,"column":4},"end":{"line":135,"column":5}}],"line":133},"10":{"loc":{"start":{"line":143,"column":4},"end":{"line":147,"column":5}},"type":"if","locations":[{"start":{"line":143,"column":4},"end":{"line":147,"column":5}},{"start":{"line":143,"column":4},"end":{"line":147,"column":5}}],"line":143},"11":{"loc":{"start":{"line":145,"column":11},"end":{"line":147,"column":5}},"type":"if","locations":[{"start":{"line":145,"column":11},"end":{"line":147,"column":5}},{"start":{"line":145,"column":11},"end":{"line":147,"column":5}}],"line":145},"12":{"loc":{"start":{"line":171,"column":4},"end":{"line":177,"column":5}},"type":"if","locations":[{"start":{"line":171,"column":4},"end":{"line":177,"column":5}},{"start":{"line":171,"column":4},"end":{"line":177,"column":5}}],"line":171},"13":{"loc":{"start":{"line":174,"column":11},"end":{"line":177,"column":5}},"type":"if","locations":[{"start":{"line":174,"column":11},"end":{"line":177,"column":5}},{"start":{"line":174,"column":11},"end":{"line":177,"column":5}}],"line":174},"14":{"loc":{"start":{"line":178,"column":4},"end":{"line":182,"column":5}},"type":"if","locations":[{"start":{"line":178,"column":4},"end":{"line":182,"column":5}},{"start":{"line":178,"column":4},"end":{"line":182,"column":5}}],"line":178},"15":{"loc":{"start":{"line":186,"column":4},"end":{"line":188,"column":5}},"type":"if","locations":[{"start":{"line":186,"column":4},"end":{"line":188,"column":5}},{"start":{"line":186,"column":4},"end":{"line":188,"column":5}}],"line":186},"16":{"loc":{"start":{"line":196,"column":4},"end":{"line":198,"column":5}},"type":"if","locations":[{"start":{"line":196,"column":4},"end":{"line":198,"column":5}},{"start":{"line":196,"column":4},"end":{"line":198,"column":5}}],"line":196},"17":{"loc":{"start":{"line":199,"column":4},"end":{"line":201,"column":5}},"type":"if","locations":[{"start":{"line":199,"column":4},"end":{"line":201,"column":5}},{"start":{"line":199,"column":4},"end":{"line":201,"column":5}}],"line":199},"18":{"loc":{"start":{"line":203,"column":4},"end":{"line":211,"column":5}},"type":"if","locations":[{"start":{"line":203,"column":4},"end":{"line":211,"column":5}},{"start":{"line":203,"column":4},"end":{"line":211,"column":5}}],"line":203},"19":{"loc":{"start":{"line":212,"column":4},"end":{"line":218,"column":5}},"type":"if","locations":[{"start":{"line":212,"column":4},"end":{"line":218,"column":5}},{"start":{"line":212,"column":4},"end":{"line":218,"column":5}}],"line":212},"20":{"loc":{"start":{"line":215,"column":11},"end":{"line":218,"column":5}},"type":"if","locations":[{"start":{"line":215,"column":11},"end":{"line":218,"column":5}},{"start":{"line":215,"column":11},"end":{"line":218,"column":5}}],"line":215},"21":{"loc":{"start":{"line":219,"column":4},"end":{"line":222,"column":5}},"type":"if","locations":[{"start":{"line":219,"column":4},"end":{"line":222,"column":5}},{"start":{"line":219,"column":4},"end":{"line":222,"column":5}}],"line":219},"22":{"loc":{"start":{"line":223,"column":4},"end":{"line":228,"column":5}},"type":"if","locations":[{"start":{"line":223,"column":4},"end":{"line":228,"column":5}},{"start":{"line":223,"column":4},"end":{"line":228,"column":5}}],"line":223},"23":{"loc":{"start":{"line":236,"column":4},"end":{"line":240,"column":5}},"type":"if","locations":[{"start":{"line":236,"column":4},"end":{"line":240,"column":5}},{"start":{"line":236,"column":4},"end":{"line":240,"column":5}}],"line":236},"24":{"loc":{"start":{"line":243,"column":4},"end":{"line":255,"column":5}},"type":"if","locations":[{"start":{"line":243,"column":4},"end":{"line":255,"column":5}},{"start":{"line":243,"column":4},"end":{"line":255,"column":5}}],"line":243},"25":{"loc":{"start":{"line":244,"column":6},"end":{"line":248,"column":7}},"type":"if","locations":[{"start":{"line":244,"column":6},"end":{"line":248,"column":7}},{"start":{"line":244,"column":6},"end":{"line":248,"column":7}}],"line":244},"26":{"loc":{"start":{"line":249,"column":11},"end":{"line":255,"column":5}},"type":"if","locations":[{"start":{"line":249,"column":11},"end":{"line":255,"column":5}},{"start":{"line":249,"column":11},"end":{"line":255,"column":5}}],"line":249},"27":{"loc":{"start":{"line":250,"column":6},"end":{"line":254,"column":7}},"type":"if","locations":[{"start":{"line":250,"column":6},"end":{"line":254,"column":7}},{"start":{"line":250,"column":6},"end":{"line":254,"column":7}}],"line":250}},"s":{"0":31,"1":31,"2":31,"3":31,"4":31,"5":31,"6":31,"7":31,"8":31,"9":31,"10":31,"11":31,"12":31,"13":31,"14":31,"15":31,"16":31,"17":16,"18":16,"19":16,"20":24,"21":24,"22":24,"23":24,"24":24,"25":24,"26":34,"27":34,"28":32,"29":32,"30":32,"31":32,"32":34,"33":34,"34":34,"35":20,"36":14,"37":14,"38":3,"39":3,"40":3,"41":3,"42":3,"43":33,"44":33,"45":33,"46":33,"47":33,"48":38,"49":25,"50":38,"51":25,"52":38,"53":25,"54":13,"55":13,"56":2,"57":2,"58":2,"59":2,"60":1,"61":1,"62":2,"63":2,"64":0,"65":2,"66":0,"67":1,"68":1,"69":4,"70":3,"71":1,"72":1,"73":4,"74":8,"75":3,"76":3,"77":3,"78":3,"79":3,"80":3,"81":3,"82":2,"83":2,"84":1,"85":1,"86":1,"87":2,"88":1,"89":1,"90":4,"91":2,"92":2,"93":9,"94":10,"95":6,"96":10,"97":2,"98":10,"99":4,"100":6,"101":10,"102":7,"103":7,"104":3,"105":3,"106":3,"107":10,"108":7,"109":7,"110":10,"111":1,"112":10,"113":6,"114":3,"115":3,"116":8,"117":6,"118":3,"119":3,"120":2,"121":2,"122":1,"123":1,"124":6,"125":3},"f":{"0":31,"1":16,"2":24,"3":24,"4":24,"5":34,"6":32,"7":34,"8":3,"9":33,"10":38,"11":2,"12":0,"13":0,"14":1,"15":4,"16":8,"17":3,"18":3,"19":2,"20":4,"21":9,"22":10,"23":6,"24":8,"25":6,"26":3},"b":{"0":[24,0],"1":[34,0],"2":[34,0],"3":[20,14],"4":[14,0],"5":[25,13],"6":[25,13],"7":[25,13],"8":[1,1],"9":[2,0],"10":[3,1],"11":[1,0],"12":[1,1],"13":[1,0],"14":[1,1],"15":[2,2],"16":[6,4],"17":[2,8],"18":[4,6],"19":[7,3],"20":[3,0],"21":[7,3],"22":[1,9],"23":[3,3],"24":[6,2],"25":[3,3],"26":[2,0],"27":[1,1]},"_coverageSchema":"1a1c01bbd47fc00a2c39e90264f33305004495a9","hash":"e70aec2a6845df7fd35fc87f55241d1bc075460d"}
}
