{"C:\\Users\\tabas\\Desktop\\my project\\SliderPlugin\\src\\js\\observer.ts": {"path":"C:\\Users\\tabas\\Desktop\\my project\\SliderPlugin\\src\\js\\observer.ts","statementMap":{"0":{"start":{"line":4,"column":4},"end":{"line":4,"column":24}},"1":{"start":{"line":8,"column":4},"end":{"line":8,"column":28}},"2":{"start":{"line":12,"column":4},"end":{"line":16,"column":7}},"3":{"start":{"line":13,"column":6},"end":{"line":15,"column":7}},"4":{"start":{"line":14,"column":8},"end":{"line":14,"column":25}},"5":{"start":{"line":20,"column":4},"end":{"line":20,"column":78}},"6":{"start":{"line":20,"column":59},"end":{"line":20,"column":76}}},"fnMap":{"0":{"name":"(anonymous_0)","decl":{"start":{"line":3,"column":2},"end":{"line":3,"column":3}},"loc":{"start":{"line":3,"column":16},"end":{"line":5,"column":3}},"line":3},"1":{"name":"(anonymous_1)","decl":{"start":{"line":7,"column":2},"end":{"line":7,"column":3}},"loc":{"start":{"line":7,"column":26},"end":{"line":9,"column":3}},"line":7},"2":{"name":"(anonymous_2)","decl":{"start":{"line":11,"column":2},"end":{"line":11,"column":3}},"loc":{"start":{"line":11,"column":56},"end":{"line":17,"column":3}},"line":11},"3":{"name":"(anonymous_3)","decl":{"start":{"line":12,"column":27},"end":{"line":12,"column":28}},"loc":{"start":{"line":12,"column":48},"end":{"line":16,"column":5}},"line":12},"4":{"name":"(anonymous_4)","decl":{"start":{"line":19,"column":2},"end":{"line":19,"column":3}},"loc":{"start":{"line":19,"column":28},"end":{"line":21,"column":3}},"line":19},"5":{"name":"(anonymous_5)","decl":{"start":{"line":20,"column":43},"end":{"line":20,"column":44}},"loc":{"start":{"line":20,"column":59},"end":{"line":20,"column":76}},"line":20}},"branchMap":{"0":{"loc":{"start":{"line":13,"column":6},"end":{"line":15,"column":7}},"type":"if","locations":[{"start":{"line":13,"column":6},"end":{"line":15,"column":7}},{"start":{"line":13,"column":6},"end":{"line":15,"column":7}}],"line":13}},"s":{"0":3,"1":3,"2":12,"3":8,"4":8,"5":2,"6":2},"f":{"0":3,"1":3,"2":12,"3":8,"4":2,"5":2},"b":{"0":[8,0]},"_coverageSchema":"1a1c01bbd47fc00a2c39e90264f33305004495a9","hash":"7f159999bf0b78b5156deddce4d18283915053bb"}
,"C:\\Users\\tabas\\Desktop\\my project\\SliderPlugin\\src\\js\\Model\\model.ts": {"path":"C:\\Users\\tabas\\Desktop\\my project\\SliderPlugin\\src\\js\\Model\\model.ts","statementMap":{"0":{"start":{"line":4,"column":18},"end":{"line":20,"column":3}},"1":{"start":{"line":23,"column":4},"end":{"line":23,"column":35}},"2":{"start":{"line":27,"column":4},"end":{"line":30,"column":6}},"3":{"start":{"line":33,"column":4},"end":{"line":33,"column":19}},"4":{"start":{"line":35,"column":4},"end":{"line":35,"column":54}},"5":{"start":{"line":36,"column":4},"end":{"line":36,"column":54}},"6":{"start":{"line":37,"column":4},"end":{"line":37,"column":64}},"7":{"start":{"line":38,"column":4},"end":{"line":38,"column":54}},"8":{"start":{"line":39,"column":4},"end":{"line":39,"column":60}},"9":{"start":{"line":40,"column":4},"end":{"line":40,"column":60}},"10":{"start":{"line":41,"column":4},"end":{"line":41,"column":48}},"11":{"start":{"line":46,"column":6},"end":{"line":47,"column":25}},"12":{"start":{"line":48,"column":4},"end":{"line":49,"column":72}},"13":{"start":{"line":53,"column":6},"end":{"line":54,"column":25}},"14":{"start":{"line":55,"column":4},"end":{"line":56,"column":72}},"15":{"start":{"line":59,"column":4},"end":{"line":59,"column":22}}},"fnMap":{"0":{"name":"(anonymous_0)","decl":{"start":{"line":22,"column":2},"end":{"line":22,"column":3}},"loc":{"start":{"line":22,"column":48},"end":{"line":24,"column":3}},"line":22},"1":{"name":"(anonymous_1)","decl":{"start":{"line":26,"column":2},"end":{"line":26,"column":3}},"loc":{"start":{"line":26,"column":39},"end":{"line":31,"column":3}},"line":26},"2":{"name":"(anonymous_2)","decl":{"start":{"line":32,"column":2},"end":{"line":32,"column":3}},"loc":{"start":{"line":32,"column":43},"end":{"line":42,"column":3}},"line":32},"3":{"name":"(anonymous_3)","decl":{"start":{"line":44,"column":2},"end":{"line":44,"column":3}},"loc":{"start":{"line":44,"column":12},"end":{"line":50,"column":3}},"line":44},"4":{"name":"(anonymous_4)","decl":{"start":{"line":51,"column":2},"end":{"line":51,"column":3}},"loc":{"start":{"line":51,"column":13},"end":{"line":57,"column":3}},"line":51},"5":{"name":"(anonymous_5)","decl":{"start":{"line":58,"column":2},"end":{"line":58,"column":3}},"loc":{"start":{"line":58,"column":29},"end":{"line":60,"column":3}},"line":58}},"branchMap":{"0":{"loc":{"start":{"line":22,"column":14},"end":{"line":22,"column":46}},"type":"default-arg","locations":[{"start":{"line":22,"column":33},"end":{"line":22,"column":46}}],"line":22}},"s":{"0":7,"1":7,"2":20,"3":2,"4":2,"5":2,"6":2,"7":2,"8":2,"9":2,"10":2,"11":4,"12":4,"13":4,"14":4,"15":25},"f":{"0":7,"1":20,"2":2,"3":4,"4":4,"5":25},"b":{"0":[5]},"_coverageSchema":"1a1c01bbd47fc00a2c39e90264f33305004495a9","hash":"0ade3a1e1291307af9cfdb7d1cc0d5dab4006537"}
,"C:\\Users\\tabas\\Desktop\\my project\\SliderPlugin\\src\\js\\Presenter\\presenter.ts": {"path":"C:\\Users\\tabas\\Desktop\\my project\\SliderPlugin\\src\\js\\Presenter\\presenter.ts","statementMap":{"0":{"start":{"line":9,"column":26},"end":{"line":9,"column":28}},"1":{"start":{"line":11,"column":26},"end":{"line":11,"column":48}},"2":{"start":{"line":13,"column":4},"end":{"line":13,"column":37}},"3":{"start":{"line":14,"column":4},"end":{"line":14,"column":50}},"4":{"start":{"line":15,"column":4},"end":{"line":15,"column":49}},"5":{"start":{"line":16,"column":4},"end":{"line":16,"column":16}},"6":{"start":{"line":20,"column":4},"end":{"line":20,"column":26}},"7":{"start":{"line":22,"column":4},"end":{"line":32,"column":5}},"8":{"start":{"line":24,"column":8},"end":{"line":24,"column":29}},"9":{"start":{"line":25,"column":8},"end":{"line":25,"column":14}},"10":{"start":{"line":27,"column":8},"end":{"line":27,"column":30}},"11":{"start":{"line":28,"column":8},"end":{"line":28,"column":14}},"12":{"start":{"line":30,"column":8},"end":{"line":30,"column":30}},"13":{"start":{"line":31,"column":8},"end":{"line":31,"column":14}},"14":{"start":{"line":33,"column":4},"end":{"line":33,"column":48}},"15":{"start":{"line":36,"column":4},"end":{"line":36,"column":54}},"16":{"start":{"line":37,"column":4},"end":{"line":37,"column":27}},"17":{"start":{"line":38,"column":4},"end":{"line":38,"column":17}},"18":{"start":{"line":42,"column":4},"end":{"line":42,"column":29}},"19":{"start":{"line":43,"column":4},"end":{"line":43,"column":48}},"20":{"start":{"line":44,"column":4},"end":{"line":50,"column":5}},"21":{"start":{"line":45,"column":6},"end":{"line":45,"column":51}},"22":{"start":{"line":46,"column":6},"end":{"line":46,"column":58}},"23":{"start":{"line":47,"column":6},"end":{"line":47,"column":18}},"24":{"start":{"line":49,"column":6},"end":{"line":49,"column":19}},"25":{"start":{"line":53,"column":4},"end":{"line":53,"column":25}},"26":{"start":{"line":54,"column":4},"end":{"line":57,"column":6}}},"fnMap":{"0":{"name":"(anonymous_0)","decl":{"start":{"line":12,"column":2},"end":{"line":12,"column":3}},"loc":{"start":{"line":12,"column":39},"end":{"line":17,"column":3}},"line":12},"1":{"name":"(anonymous_1)","decl":{"start":{"line":19,"column":2},"end":{"line":19,"column":3}},"loc":{"start":{"line":19,"column":40},"end":{"line":34,"column":3}},"line":19},"2":{"name":"(anonymous_2)","decl":{"start":{"line":35,"column":2},"end":{"line":35,"column":3}},"loc":{"start":{"line":35,"column":9},"end":{"line":39,"column":3}},"line":35},"3":{"name":"(anonymous_3)","decl":{"start":{"line":41,"column":2},"end":{"line":41,"column":3}},"loc":{"start":{"line":41,"column":30},"end":{"line":51,"column":3}},"line":41},"4":{"name":"(anonymous_4)","decl":{"start":{"line":52,"column":2},"end":{"line":52,"column":3}},"loc":{"start":{"line":52,"column":10},"end":{"line":58,"column":3}},"line":52}},"branchMap":{"0":{"loc":{"start":{"line":22,"column":4},"end":{"line":32,"column":5}},"type":"switch","locations":[{"start":{"line":23,"column":6},"end":{"line":25,"column":14}},{"start":{"line":26,"column":6},"end":{"line":28,"column":14}},{"start":{"line":29,"column":6},"end":{"line":31,"column":14}}],"line":22},"1":{"loc":{"start":{"line":44,"column":4},"end":{"line":50,"column":5}},"type":"if","locations":[{"start":{"line":44,"column":4},"end":{"line":50,"column":5}},{"start":{"line":44,"column":4},"end":{"line":50,"column":5}}],"line":44}},"s":{"0":2,"1":2,"2":2,"3":2,"4":2,"5":2,"6":8,"7":8,"8":2,"9":2,"10":2,"11":2,"12":4,"13":4,"14":8,"15":2,"16":2,"17":2,"18":2,"19":2,"20":2,"21":1,"22":1,"23":1,"24":1,"25":2,"26":2},"f":{"0":2,"1":8,"2":2,"3":2,"4":2},"b":{"0":[2,2,4],"1":[1,1]},"_coverageSchema":"1a1c01bbd47fc00a2c39e90264f33305004495a9","hash":"6a73d49cb6ec8aa059f25e3020fd60c16e19730f"}
,"C:\\Users\\tabas\\Desktop\\my project\\SliderPlugin\\src\\js\\View\\subView.ts": {"path":"C:\\Users\\tabas\\Desktop\\my project\\SliderPlugin\\src\\js\\View\\subView.ts","statementMap":{"0":{"start":{"line":4,"column":24},"end":{"line":4,"column":53}},"1":{"start":{"line":5,"column":24},"end":{"line":5,"column":27}},"2":{"start":{"line":7,"column":4},"end":{"line":7,"column":16}},"3":{"start":{"line":8,"column":4},"end":{"line":8,"column":17}},"4":{"start":{"line":11,"column":4},"end":{"line":11,"column":51}},"5":{"start":{"line":15,"column":4},"end":{"line":15,"column":57}},"6":{"start":{"line":15,"column":46},"end":{"line":15,"column":55}},"7":{"start":{"line":18,"column":4},"end":{"line":18,"column":60}},"8":{"start":{"line":23,"column":28},"end":{"line":23,"column":57}},"9":{"start":{"line":25,"column":4},"end":{"line":25,"column":16}},"10":{"start":{"line":28,"column":4},"end":{"line":28,"column":56}},"11":{"start":{"line":32,"column":4},"end":{"line":32,"column":44}},"12":{"start":{"line":36,"column":4},"end":{"line":38,"column":10}},"13":{"start":{"line":41,"column":4},"end":{"line":43,"column":10}},"14":{"start":{"line":44,"column":4},"end":{"line":44,"column":77}},"15":{"start":{"line":49,"column":31},"end":{"line":49,"column":59}},"16":{"start":{"line":50,"column":19},"end":{"line":50,"column":31}},"17":{"start":{"line":53,"column":4},"end":{"line":53,"column":16}},"18":{"start":{"line":56,"column":4},"end":{"line":56,"column":47}},"19":{"start":{"line":58,"column":4},"end":{"line":60,"column":5}},"20":{"start":{"line":59,"column":6},"end":{"line":59,"column":61}},"21":{"start":{"line":69,"column":4},"end":{"line":69,"column":35}},"22":{"start":{"line":70,"column":4},"end":{"line":72,"column":5}},"23":{"start":{"line":71,"column":6},"end":{"line":71,"column":27}},"24":{"start":{"line":73,"column":27},"end":{"line":73,"column":56}},"25":{"start":{"line":75,"column":4},"end":{"line":81,"column":5}},"26":{"start":{"line":75,"column":17},"end":{"line":75,"column":18}},"27":{"start":{"line":76,"column":15},"end":{"line":76,"column":43}},"28":{"start":{"line":77,"column":6},"end":{"line":77,"column":43}},"29":{"start":{"line":78,"column":6},"end":{"line":78,"column":78}},"30":{"start":{"line":79,"column":6},"end":{"line":79,"column":44}},"31":{"start":{"line":80,"column":6},"end":{"line":80,"column":31}},"32":{"start":{"line":83,"column":4},"end":{"line":83,"column":25}},"33":{"start":{"line":86,"column":4},"end":{"line":86,"column":25}},"34":{"start":{"line":87,"column":4},"end":{"line":87,"column":16}},"35":{"start":{"line":92,"column":29},"end":{"line":92,"column":58}},"36":{"start":{"line":93,"column":34},"end":{"line":93,"column":63}},"37":{"start":{"line":94,"column":19},"end":{"line":94,"column":31}},"38":{"start":{"line":96,"column":4},"end":{"line":96,"column":22}},"39":{"start":{"line":100,"column":4},"end":{"line":100,"column":49}},"40":{"start":{"line":101,"column":4},"end":{"line":101,"column":61}},"41":{"start":{"line":102,"column":4},"end":{"line":104,"column":5}},"42":{"start":{"line":103,"column":6},"end":{"line":103,"column":63}},"43":{"start":{"line":105,"column":4},"end":{"line":105,"column":56}},"44":{"start":{"line":106,"column":4},"end":{"line":106,"column":28}},"45":{"start":{"line":110,"column":4},"end":{"line":116,"column":5}},"46":{"start":{"line":111,"column":6},"end":{"line":111,"column":27}},"47":{"start":{"line":112,"column":6},"end":{"line":112,"column":63}},"48":{"start":{"line":113,"column":11},"end":{"line":116,"column":5}},"49":{"start":{"line":114,"column":6},"end":{"line":114,"column":27}},"50":{"start":{"line":115,"column":6},"end":{"line":115,"column":66}},"51":{"start":{"line":121,"column":4},"end":{"line":128,"column":5}},"52":{"start":{"line":123,"column":6},"end":{"line":123,"column":52}},"53":{"start":{"line":124,"column":6},"end":{"line":124,"column":61}},"54":{"start":{"line":126,"column":6},"end":{"line":126,"column":51}},"55":{"start":{"line":127,"column":6},"end":{"line":127,"column":62}}},"fnMap":{"0":{"name":"(anonymous_0)","decl":{"start":{"line":6,"column":2},"end":{"line":6,"column":3}},"loc":{"start":{"line":6,"column":16},"end":{"line":9,"column":3}},"line":6},"1":{"name":"(anonymous_1)","decl":{"start":{"line":10,"column":2},"end":{"line":10,"column":3}},"loc":{"start":{"line":10,"column":9},"end":{"line":12,"column":3}},"line":10},"2":{"name":"(anonymous_2)","decl":{"start":{"line":14,"column":2},"end":{"line":14,"column":3}},"loc":{"start":{"line":14,"column":43},"end":{"line":16,"column":3}},"line":14},"3":{"name":"(anonymous_3)","decl":{"start":{"line":15,"column":39},"end":{"line":15,"column":40}},"loc":{"start":{"line":15,"column":46},"end":{"line":15,"column":55}},"line":15},"4":{"name":"(anonymous_4)","decl":{"start":{"line":17,"column":2},"end":{"line":17,"column":3}},"loc":{"start":{"line":17,"column":10},"end":{"line":19,"column":3}},"line":17},"5":{"name":"(anonymous_5)","decl":{"start":{"line":24,"column":2},"end":{"line":24,"column":3}},"loc":{"start":{"line":24,"column":16},"end":{"line":26,"column":3}},"line":24},"6":{"name":"(anonymous_6)","decl":{"start":{"line":27,"column":2},"end":{"line":27,"column":3}},"loc":{"start":{"line":27,"column":9},"end":{"line":29,"column":3}},"line":27},"7":{"name":"(anonymous_7)","decl":{"start":{"line":31,"column":2},"end":{"line":31,"column":3}},"loc":{"start":{"line":31,"column":30},"end":{"line":33,"column":3}},"line":31},"8":{"name":"(anonymous_8)","decl":{"start":{"line":35,"column":2},"end":{"line":35,"column":3}},"loc":{"start":{"line":35,"column":44},"end":{"line":39,"column":3}},"line":35},"9":{"name":"(anonymous_9)","decl":{"start":{"line":40,"column":2},"end":{"line":40,"column":3}},"loc":{"start":{"line":40,"column":44},"end":{"line":45,"column":3}},"line":40},"10":{"name":"(anonymous_10)","decl":{"start":{"line":52,"column":2},"end":{"line":52,"column":3}},"loc":{"start":{"line":52,"column":16},"end":{"line":54,"column":3}},"line":52},"11":{"name":"(anonymous_11)","decl":{"start":{"line":55,"column":2},"end":{"line":55,"column":3}},"loc":{"start":{"line":55,"column":9},"end":{"line":61,"column":3}},"line":55},"12":{"name":"(anonymous_12)","decl":{"start":{"line":62,"column":2},"end":{"line":62,"column":3}},"loc":{"start":{"line":67,"column":17},"end":{"line":84,"column":3}},"line":67},"13":{"name":"(anonymous_13)","decl":{"start":{"line":85,"column":2},"end":{"line":85,"column":3}},"loc":{"start":{"line":85,"column":23},"end":{"line":88,"column":3}},"line":85},"14":{"name":"(anonymous_14)","decl":{"start":{"line":95,"column":2},"end":{"line":95,"column":3}},"loc":{"start":{"line":95,"column":30},"end":{"line":97,"column":3}},"line":95},"15":{"name":"(anonymous_15)","decl":{"start":{"line":99,"column":2},"end":{"line":99,"column":3}},"loc":{"start":{"line":99,"column":36},"end":{"line":107,"column":3}},"line":99},"16":{"name":"(anonymous_16)","decl":{"start":{"line":109,"column":2},"end":{"line":109,"column":3}},"loc":{"start":{"line":109,"column":23},"end":{"line":117,"column":3}},"line":109},"17":{"name":"(anonymous_17)","decl":{"start":{"line":118,"column":2},"end":{"line":118,"column":3}},"loc":{"start":{"line":118,"column":42},"end":{"line":129,"column":3}},"line":118}},"branchMap":{"0":{"loc":{"start":{"line":58,"column":4},"end":{"line":60,"column":5}},"type":"if","locations":[{"start":{"line":58,"column":4},"end":{"line":60,"column":5}},{"start":{"line":58,"column":4},"end":{"line":60,"column":5}}],"line":58},"1":{"loc":{"start":{"line":70,"column":4},"end":{"line":72,"column":5}},"type":"if","locations":[{"start":{"line":70,"column":4},"end":{"line":72,"column":5}},{"start":{"line":70,"column":4},"end":{"line":72,"column":5}}],"line":70},"2":{"loc":{"start":{"line":102,"column":4},"end":{"line":104,"column":5}},"type":"if","locations":[{"start":{"line":102,"column":4},"end":{"line":104,"column":5}},{"start":{"line":102,"column":4},"end":{"line":104,"column":5}}],"line":102},"3":{"loc":{"start":{"line":110,"column":4},"end":{"line":116,"column":5}},"type":"if","locations":[{"start":{"line":110,"column":4},"end":{"line":116,"column":5}},{"start":{"line":110,"column":4},"end":{"line":116,"column":5}}],"line":110},"4":{"loc":{"start":{"line":113,"column":11},"end":{"line":116,"column":5}},"type":"if","locations":[{"start":{"line":113,"column":11},"end":{"line":116,"column":5}},{"start":{"line":113,"column":11},"end":{"line":116,"column":5}}],"line":113},"5":{"loc":{"start":{"line":121,"column":4},"end":{"line":128,"column":5}},"type":"if","locations":[{"start":{"line":121,"column":4},"end":{"line":128,"column":5}},{"start":{"line":121,"column":4},"end":{"line":128,"column":5}}],"line":121}},"s":{"0":64,"1":64,"2":64,"3":64,"4":64,"5":70,"6":0,"7":103,"8":64,"9":64,"10":64,"11":6,"12":6,"13":2,"14":2,"15":33,"16":33,"17":33,"18":43,"19":43,"20":2,"21":28,"22":28,"23":1,"24":27,"25":27,"26":27,"27":216,"28":216,"29":216,"30":216,"31":216,"32":27,"33":10,"34":10,"35":33,"36":33,"37":33,"38":33,"39":33,"40":33,"41":33,"42":15,"43":33,"44":33,"45":13,"46":4,"47":4,"48":9,"49":9,"50":9,"51":6,"52":5,"53":5,"54":1,"55":1},"f":{"0":64,"1":64,"2":70,"3":0,"4":103,"5":64,"6":64,"7":6,"8":6,"9":2,"10":33,"11":43,"12":28,"13":10,"14":33,"15":33,"16":13,"17":6},"b":{"0":[2,41],"1":[1,27],"2":[15,18],"3":[4,9],"4":[9,0],"5":[5,1]},"_coverageSchema":"1a1c01bbd47fc00a2c39e90264f33305004495a9","hash":"a55c7ea5a3a1b6400df6a42e83353a9ed3eebf0e"}
,"C:\\Users\\tabas\\Desktop\\my project\\SliderPlugin\\src\\js\\View\\view.ts": {"path":"C:\\Users\\tabas\\Desktop\\my project\\SliderPlugin\\src\\js\\View\\view.ts","statementMap":{"0":{"start":{"line":9,"column":24},"end":{"line":9,"column":25}},"1":{"start":{"line":10,"column":23},"end":{"line":10,"column":35}},"2":{"start":{"line":11,"column":24},"end":{"line":11,"column":36}},"3":{"start":{"line":13,"column":33},"end":{"line":13,"column":51}},"4":{"start":{"line":14,"column":34},"end":{"line":14,"column":52}},"5":{"start":{"line":16,"column":23},"end":{"line":16,"column":37}},"6":{"start":{"line":17,"column":24},"end":{"line":17,"column":26}},"7":{"start":{"line":18,"column":22},"end":{"line":18,"column":49}},"8":{"start":{"line":19,"column":31},"end":{"line":19,"column":53}},"9":{"start":{"line":20,"column":22},"end":{"line":20,"column":27}},"10":{"start":{"line":26,"column":4},"end":{"line":26,"column":23}},"11":{"start":{"line":27,"column":4},"end":{"line":27,"column":75}},"12":{"start":{"line":28,"column":4},"end":{"line":28,"column":44}},"13":{"start":{"line":29,"column":4},"end":{"line":29,"column":38}},"14":{"start":{"line":30,"column":4},"end":{"line":30,"column":57}},"15":{"start":{"line":31,"column":4},"end":{"line":31,"column":51}},"16":{"start":{"line":32,"column":4},"end":{"line":32,"column":22}},"17":{"start":{"line":35,"column":4},"end":{"line":37,"column":6}},"18":{"start":{"line":38,"column":4},"end":{"line":38,"column":44}},"19":{"start":{"line":39,"column":4},"end":{"line":39,"column":42}},"20":{"start":{"line":43,"column":4},"end":{"line":43,"column":52}},"21":{"start":{"line":44,"column":4},"end":{"line":46,"column":5}},"22":{"start":{"line":45,"column":6},"end":{"line":45,"column":62}},"23":{"start":{"line":49,"column":4},"end":{"line":49,"column":26}},"24":{"start":{"line":50,"column":4},"end":{"line":50,"column":47}},"25":{"start":{"line":53,"column":4},"end":{"line":58,"column":6}},"26":{"start":{"line":62,"column":4},"end":{"line":62,"column":53}},"27":{"start":{"line":63,"column":4},"end":{"line":63,"column":41}},"28":{"start":{"line":66,"column":4},"end":{"line":66,"column":73}},"29":{"start":{"line":67,"column":4},"end":{"line":67,"column":72}},"30":{"start":{"line":68,"column":4},"end":{"line":68,"column":69}},"31":{"start":{"line":69,"column":4},"end":{"line":69,"column":72}},"32":{"start":{"line":72,"column":4},"end":{"line":90,"column":5}},"33":{"start":{"line":76,"column":6},"end":{"line":79,"column":9}},"34":{"start":{"line":81,"column":6},"end":{"line":89,"column":7}},"35":{"start":{"line":82,"column":8},"end":{"line":84,"column":11}},"36":{"start":{"line":85,"column":13},"end":{"line":89,"column":7}},"37":{"start":{"line":86,"column":8},"end":{"line":88,"column":11}},"38":{"start":{"line":93,"column":12},"end":{"line":93,"column":42}},"39":{"start":{"line":94,"column":4},"end":{"line":96,"column":7}},"40":{"start":{"line":95,"column":6},"end":{"line":95,"column":34}},"41":{"start":{"line":99,"column":4},"end":{"line":99,"column":31}},"42":{"start":{"line":100,"column":4},"end":{"line":100,"column":16}},"43":{"start":{"line":101,"column":4},"end":{"line":101,"column":19}},"44":{"start":{"line":102,"column":4},"end":{"line":102,"column":24}},"45":{"start":{"line":103,"column":4},"end":{"line":103,"column":48}},"46":{"start":{"line":106,"column":4},"end":{"line":106,"column":34}},"47":{"start":{"line":107,"column":4},"end":{"line":107,"column":16}},"48":{"start":{"line":108,"column":4},"end":{"line":108,"column":19}},"49":{"start":{"line":109,"column":4},"end":{"line":109,"column":21}},"50":{"start":{"line":110,"column":4},"end":{"line":110,"column":24}},"51":{"start":{"line":111,"column":4},"end":{"line":111,"column":48}},"52":{"start":{"line":114,"column":4},"end":{"line":116,"column":5}},"53":{"start":{"line":115,"column":6},"end":{"line":115,"column":30}},"54":{"start":{"line":117,"column":4},"end":{"line":119,"column":5}},"55":{"start":{"line":118,"column":6},"end":{"line":118,"column":28}},"56":{"start":{"line":120,"column":4},"end":{"line":125,"column":5}},"57":{"start":{"line":121,"column":6},"end":{"line":121,"column":63}},"58":{"start":{"line":123,"column":6},"end":{"line":123,"column":46}},"59":{"start":{"line":124,"column":6},"end":{"line":124,"column":47}},"60":{"start":{"line":129,"column":4},"end":{"line":129,"column":62}},"61":{"start":{"line":130,"column":4},"end":{"line":130,"column":65}},"62":{"start":{"line":132,"column":4},"end":{"line":132,"column":54}},"63":{"start":{"line":134,"column":4},"end":{"line":138,"column":5}},"64":{"start":{"line":135,"column":6},"end":{"line":135,"column":27}},"65":{"start":{"line":137,"column":6},"end":{"line":137,"column":28}},"66":{"start":{"line":140,"column":4},"end":{"line":142,"column":5}},"67":{"start":{"line":141,"column":6},"end":{"line":141,"column":55}},"68":{"start":{"line":141,"column":49},"end":{"line":141,"column":54}},"69":{"start":{"line":143,"column":4},"end":{"line":143,"column":54}},"70":{"start":{"line":143,"column":48},"end":{"line":143,"column":53}},"71":{"start":{"line":146,"column":4},"end":{"line":146,"column":65}},"72":{"start":{"line":147,"column":4},"end":{"line":147,"column":30}},"73":{"start":{"line":150,"column":4},"end":{"line":154,"column":5}},"74":{"start":{"line":151,"column":6},"end":{"line":151,"column":48}},"75":{"start":{"line":152,"column":11},"end":{"line":154,"column":5}},"76":{"start":{"line":153,"column":6},"end":{"line":153,"column":47}},"77":{"start":{"line":156,"column":4},"end":{"line":156,"column":68}},"78":{"start":{"line":159,"column":4},"end":{"line":163,"column":6}},"79":{"start":{"line":167,"column":4},"end":{"line":174,"column":7}},"80":{"start":{"line":168,"column":6},"end":{"line":168,"column":50}},"81":{"start":{"line":169,"column":6},"end":{"line":169,"column":27}},"82":{"start":{"line":170,"column":6},"end":{"line":170,"column":27}},"83":{"start":{"line":171,"column":6},"end":{"line":171,"column":51}},"84":{"start":{"line":172,"column":6},"end":{"line":172,"column":28}},"85":{"start":{"line":173,"column":6},"end":{"line":173,"column":27}},"86":{"start":{"line":177,"column":23},"end":{"line":177,"column":24}},"87":{"start":{"line":178,"column":4},"end":{"line":184,"column":5}},"88":{"start":{"line":180,"column":6},"end":{"line":180,"column":39}},"89":{"start":{"line":181,"column":11},"end":{"line":184,"column":5}},"90":{"start":{"line":183,"column":6},"end":{"line":183,"column":39}},"91":{"start":{"line":185,"column":4},"end":{"line":189,"column":5}},"92":{"start":{"line":186,"column":6},"end":{"line":186,"column":28}},"93":{"start":{"line":188,"column":6},"end":{"line":188,"column":48}},"94":{"start":{"line":193,"column":4},"end":{"line":195,"column":5}},"95":{"start":{"line":194,"column":6},"end":{"line":194,"column":78}},"96":{"start":{"line":196,"column":4},"end":{"line":196,"column":76}},"97":{"start":{"line":200,"column":4},"end":{"line":200,"column":71}},"98":{"start":{"line":203,"column":4},"end":{"line":205,"column":5}},"99":{"start":{"line":204,"column":6},"end":{"line":204,"column":14}},"100":{"start":{"line":206,"column":4},"end":{"line":208,"column":5}},"101":{"start":{"line":207,"column":6},"end":{"line":207,"column":16}},"102":{"start":{"line":210,"column":4},"end":{"line":218,"column":5}},"103":{"start":{"line":211,"column":6},"end":{"line":213,"column":9}},"104":{"start":{"line":215,"column":6},"end":{"line":217,"column":9}},"105":{"start":{"line":220,"column":4},"end":{"line":226,"column":5}},"106":{"start":{"line":221,"column":6},"end":{"line":221,"column":78}},"107":{"start":{"line":222,"column":6},"end":{"line":222,"column":69}},"108":{"start":{"line":223,"column":11},"end":{"line":226,"column":5}},"109":{"start":{"line":224,"column":6},"end":{"line":224,"column":69}},"110":{"start":{"line":225,"column":6},"end":{"line":225,"column":77}},"111":{"start":{"line":227,"column":4},"end":{"line":230,"column":5}},"112":{"start":{"line":228,"column":6},"end":{"line":228,"column":30}},"113":{"start":{"line":229,"column":6},"end":{"line":229,"column":29}},"114":{"start":{"line":232,"column":4},"end":{"line":237,"column":5}},"115":{"start":{"line":233,"column":6},"end":{"line":236,"column":8}},"116":{"start":{"line":239,"column":4},"end":{"line":239,"column":28}},"117":{"start":{"line":245,"column":4},"end":{"line":249,"column":5}},"118":{"start":{"line":246,"column":6},"end":{"line":246,"column":55}},"119":{"start":{"line":248,"column":6},"end":{"line":248,"column":56}},"120":{"start":{"line":252,"column":4},"end":{"line":264,"column":5}},"121":{"start":{"line":253,"column":6},"end":{"line":257,"column":7}},"122":{"start":{"line":254,"column":8},"end":{"line":254,"column":65}},"123":{"start":{"line":256,"column":8},"end":{"line":256,"column":66}},"124":{"start":{"line":258,"column":11},"end":{"line":264,"column":5}},"125":{"start":{"line":259,"column":6},"end":{"line":263,"column":7}},"126":{"start":{"line":260,"column":8},"end":{"line":260,"column":65}},"127":{"start":{"line":262,"column":8},"end":{"line":262,"column":66}},"128":{"start":{"line":268,"column":4},"end":{"line":268,"column":71}},"129":{"start":{"line":271,"column":4},"end":{"line":271,"column":24}}},"fnMap":{"0":{"name":"(anonymous_0)","decl":{"start":{"line":25,"column":2},"end":{"line":25,"column":3}},"loc":{"start":{"line":25,"column":29},"end":{"line":33,"column":3}},"line":25},"1":{"name":"(anonymous_1)","decl":{"start":{"line":34,"column":2},"end":{"line":34,"column":3}},"loc":{"start":{"line":34,"column":29},"end":{"line":40,"column":3}},"line":34},"2":{"name":"(anonymous_2)","decl":{"start":{"line":42,"column":2},"end":{"line":42,"column":3}},"loc":{"start":{"line":42,"column":21},"end":{"line":47,"column":3}},"line":42},"3":{"name":"(anonymous_3)","decl":{"start":{"line":48,"column":2},"end":{"line":48,"column":3}},"loc":{"start":{"line":48,"column":19},"end":{"line":51,"column":3}},"line":48},"4":{"name":"(anonymous_4)","decl":{"start":{"line":52,"column":2},"end":{"line":52,"column":3}},"loc":{"start":{"line":52,"column":19},"end":{"line":59,"column":3}},"line":52},"5":{"name":"(anonymous_5)","decl":{"start":{"line":61,"column":2},"end":{"line":61,"column":3}},"loc":{"start":{"line":61,"column":12},"end":{"line":64,"column":3}},"line":61},"6":{"name":"(anonymous_6)","decl":{"start":{"line":65,"column":2},"end":{"line":65,"column":3}},"loc":{"start":{"line":65,"column":14},"end":{"line":70,"column":3}},"line":65},"7":{"name":"(anonymous_7)","decl":{"start":{"line":71,"column":2},"end":{"line":71,"column":3}},"loc":{"start":{"line":71,"column":17},"end":{"line":91,"column":3}},"line":71},"8":{"name":"(anonymous_8)","decl":{"start":{"line":92,"column":2},"end":{"line":92,"column":3}},"loc":{"start":{"line":92,"column":23},"end":{"line":97,"column":3}},"line":92},"9":{"name":"(anonymous_9)","decl":{"start":{"line":94,"column":14},"end":{"line":94,"column":15}},"loc":{"start":{"line":94,"column":35},"end":{"line":96,"column":5}},"line":94},"10":{"name":"(anonymous_10)","decl":{"start":{"line":98,"column":2},"end":{"line":98,"column":3}},"loc":{"start":{"line":98,"column":13},"end":{"line":104,"column":3}},"line":98},"11":{"name":"(anonymous_11)","decl":{"start":{"line":105,"column":2},"end":{"line":105,"column":3}},"loc":{"start":{"line":105,"column":15},"end":{"line":112,"column":3}},"line":105},"12":{"name":"(anonymous_12)","decl":{"start":{"line":113,"column":2},"end":{"line":113,"column":3}},"loc":{"start":{"line":113,"column":9},"end":{"line":126,"column":3}},"line":113},"13":{"name":"(anonymous_13)","decl":{"start":{"line":128,"column":2},"end":{"line":128,"column":3}},"loc":{"start":{"line":128,"column":36},"end":{"line":144,"column":3}},"line":128},"14":{"name":"(anonymous_14)","decl":{"start":{"line":141,"column":43},"end":{"line":141,"column":44}},"loc":{"start":{"line":141,"column":49},"end":{"line":141,"column":54}},"line":141},"15":{"name":"(anonymous_15)","decl":{"start":{"line":143,"column":42},"end":{"line":143,"column":43}},"loc":{"start":{"line":143,"column":48},"end":{"line":143,"column":53}},"line":143},"16":{"name":"(anonymous_16)","decl":{"start":{"line":145,"column":2},"end":{"line":145,"column":3}},"loc":{"start":{"line":145,"column":11},"end":{"line":148,"column":3}},"line":145},"17":{"name":"(anonymous_17)","decl":{"start":{"line":149,"column":2},"end":{"line":149,"column":3}},"loc":{"start":{"line":149,"column":40},"end":{"line":157,"column":3}},"line":149},"18":{"name":"(anonymous_18)","decl":{"start":{"line":158,"column":2},"end":{"line":158,"column":3}},"loc":{"start":{"line":158,"column":37},"end":{"line":164,"column":3}},"line":158},"19":{"name":"(anonymous_19)","decl":{"start":{"line":166,"column":2},"end":{"line":166,"column":3}},"loc":{"start":{"line":166,"column":37},"end":{"line":175,"column":3}},"line":166},"20":{"name":"(anonymous_20)","decl":{"start":{"line":167,"column":27},"end":{"line":167,"column":28}},"loc":{"start":{"line":167,"column":33},"end":{"line":174,"column":5}},"line":167},"21":{"name":"(anonymous_21)","decl":{"start":{"line":176,"column":2},"end":{"line":176,"column":3}},"loc":{"start":{"line":176,"column":29},"end":{"line":190,"column":3}},"line":176},"22":{"name":"(anonymous_22)","decl":{"start":{"line":192,"column":2},"end":{"line":192,"column":3}},"loc":{"start":{"line":192,"column":35},"end":{"line":197,"column":3}},"line":192},"23":{"name":"(anonymous_23)","decl":{"start":{"line":199,"column":2},"end":{"line":199,"column":3}},"loc":{"start":{"line":199,"column":37},"end":{"line":201,"column":3}},"line":199},"24":{"name":"(anonymous_24)","decl":{"start":{"line":202,"column":2},"end":{"line":202,"column":3}},"loc":{"start":{"line":202,"column":32},"end":{"line":242,"column":3}},"line":202},"25":{"name":"(anonymous_25)","decl":{"start":{"line":244,"column":2},"end":{"line":244,"column":3}},"loc":{"start":{"line":244,"column":21},"end":{"line":250,"column":3}},"line":244},"26":{"name":"(anonymous_26)","decl":{"start":{"line":251,"column":2},"end":{"line":251,"column":3}},"loc":{"start":{"line":251,"column":20},"end":{"line":265,"column":3}},"line":251},"27":{"name":"(anonymous_27)","decl":{"start":{"line":267,"column":2},"end":{"line":267,"column":3}},"loc":{"start":{"line":267,"column":21},"end":{"line":269,"column":3}},"line":267},"28":{"name":"(anonymous_28)","decl":{"start":{"line":270,"column":2},"end":{"line":270,"column":3}},"loc":{"start":{"line":270,"column":27},"end":{"line":272,"column":3}},"line":270}},"branchMap":{"0":{"loc":{"start":{"line":44,"column":4},"end":{"line":46,"column":5}},"type":"if","locations":[{"start":{"line":44,"column":4},"end":{"line":46,"column":5}},{"start":{"line":44,"column":4},"end":{"line":46,"column":5}}],"line":44},"1":{"loc":{"start":{"line":72,"column":4},"end":{"line":90,"column":5}},"type":"if","locations":[{"start":{"line":72,"column":4},"end":{"line":90,"column":5}},{"start":{"line":72,"column":4},"end":{"line":90,"column":5}}],"line":72},"2":{"loc":{"start":{"line":73,"column":6},"end":{"line":74,"column":63}},"type":"binary-expr","locations":[{"start":{"line":73,"column":6},"end":{"line":73,"column":61}},{"start":{"line":74,"column":6},"end":{"line":74,"column":63}}],"line":73},"3":{"loc":{"start":{"line":81,"column":6},"end":{"line":89,"column":7}},"type":"if","locations":[{"start":{"line":81,"column":6},"end":{"line":89,"column":7}},{"start":{"line":81,"column":6},"end":{"line":89,"column":7}}],"line":81},"4":{"loc":{"start":{"line":85,"column":13},"end":{"line":89,"column":7}},"type":"if","locations":[{"start":{"line":85,"column":13},"end":{"line":89,"column":7}},{"start":{"line":85,"column":13},"end":{"line":89,"column":7}}],"line":85},"5":{"loc":{"start":{"line":114,"column":4},"end":{"line":116,"column":5}},"type":"if","locations":[{"start":{"line":114,"column":4},"end":{"line":116,"column":5}},{"start":{"line":114,"column":4},"end":{"line":116,"column":5}}],"line":114},"6":{"loc":{"start":{"line":117,"column":4},"end":{"line":119,"column":5}},"type":"if","locations":[{"start":{"line":117,"column":4},"end":{"line":119,"column":5}},{"start":{"line":117,"column":4},"end":{"line":119,"column":5}}],"line":117},"7":{"loc":{"start":{"line":120,"column":4},"end":{"line":125,"column":5}},"type":"if","locations":[{"start":{"line":120,"column":4},"end":{"line":125,"column":5}},{"start":{"line":120,"column":4},"end":{"line":125,"column":5}}],"line":120},"8":{"loc":{"start":{"line":134,"column":4},"end":{"line":138,"column":5}},"type":"if","locations":[{"start":{"line":134,"column":4},"end":{"line":138,"column":5}},{"start":{"line":134,"column":4},"end":{"line":138,"column":5}}],"line":134},"9":{"loc":{"start":{"line":140,"column":4},"end":{"line":142,"column":5}},"type":"if","locations":[{"start":{"line":140,"column":4},"end":{"line":142,"column":5}},{"start":{"line":140,"column":4},"end":{"line":142,"column":5}}],"line":140},"10":{"loc":{"start":{"line":150,"column":4},"end":{"line":154,"column":5}},"type":"if","locations":[{"start":{"line":150,"column":4},"end":{"line":154,"column":5}},{"start":{"line":150,"column":4},"end":{"line":154,"column":5}}],"line":150},"11":{"loc":{"start":{"line":152,"column":11},"end":{"line":154,"column":5}},"type":"if","locations":[{"start":{"line":152,"column":11},"end":{"line":154,"column":5}},{"start":{"line":152,"column":11},"end":{"line":154,"column":5}}],"line":152},"12":{"loc":{"start":{"line":178,"column":4},"end":{"line":184,"column":5}},"type":"if","locations":[{"start":{"line":178,"column":4},"end":{"line":184,"column":5}},{"start":{"line":178,"column":4},"end":{"line":184,"column":5}}],"line":178},"13":{"loc":{"start":{"line":181,"column":11},"end":{"line":184,"column":5}},"type":"if","locations":[{"start":{"line":181,"column":11},"end":{"line":184,"column":5}},{"start":{"line":181,"column":11},"end":{"line":184,"column":5}}],"line":181},"14":{"loc":{"start":{"line":185,"column":4},"end":{"line":189,"column":5}},"type":"if","locations":[{"start":{"line":185,"column":4},"end":{"line":189,"column":5}},{"start":{"line":185,"column":4},"end":{"line":189,"column":5}}],"line":185},"15":{"loc":{"start":{"line":193,"column":4},"end":{"line":195,"column":5}},"type":"if","locations":[{"start":{"line":193,"column":4},"end":{"line":195,"column":5}},{"start":{"line":193,"column":4},"end":{"line":195,"column":5}}],"line":193},"16":{"loc":{"start":{"line":203,"column":4},"end":{"line":205,"column":5}},"type":"if","locations":[{"start":{"line":203,"column":4},"end":{"line":205,"column":5}},{"start":{"line":203,"column":4},"end":{"line":205,"column":5}}],"line":203},"17":{"loc":{"start":{"line":206,"column":4},"end":{"line":208,"column":5}},"type":"if","locations":[{"start":{"line":206,"column":4},"end":{"line":208,"column":5}},{"start":{"line":206,"column":4},"end":{"line":208,"column":5}}],"line":206},"18":{"loc":{"start":{"line":210,"column":4},"end":{"line":218,"column":5}},"type":"if","locations":[{"start":{"line":210,"column":4},"end":{"line":218,"column":5}},{"start":{"line":210,"column":4},"end":{"line":218,"column":5}}],"line":210},"19":{"loc":{"start":{"line":220,"column":4},"end":{"line":226,"column":5}},"type":"if","locations":[{"start":{"line":220,"column":4},"end":{"line":226,"column":5}},{"start":{"line":220,"column":4},"end":{"line":226,"column":5}}],"line":220},"20":{"loc":{"start":{"line":223,"column":11},"end":{"line":226,"column":5}},"type":"if","locations":[{"start":{"line":223,"column":11},"end":{"line":226,"column":5}},{"start":{"line":223,"column":11},"end":{"line":226,"column":5}}],"line":223},"21":{"loc":{"start":{"line":227,"column":4},"end":{"line":230,"column":5}},"type":"if","locations":[{"start":{"line":227,"column":4},"end":{"line":230,"column":5}},{"start":{"line":227,"column":4},"end":{"line":230,"column":5}}],"line":227},"22":{"loc":{"start":{"line":232,"column":4},"end":{"line":237,"column":5}},"type":"if","locations":[{"start":{"line":232,"column":4},"end":{"line":237,"column":5}},{"start":{"line":232,"column":4},"end":{"line":237,"column":5}}],"line":232},"23":{"loc":{"start":{"line":245,"column":4},"end":{"line":249,"column":5}},"type":"if","locations":[{"start":{"line":245,"column":4},"end":{"line":249,"column":5}},{"start":{"line":245,"column":4},"end":{"line":249,"column":5}}],"line":245},"24":{"loc":{"start":{"line":252,"column":4},"end":{"line":264,"column":5}},"type":"if","locations":[{"start":{"line":252,"column":4},"end":{"line":264,"column":5}},{"start":{"line":252,"column":4},"end":{"line":264,"column":5}}],"line":252},"25":{"loc":{"start":{"line":253,"column":6},"end":{"line":257,"column":7}},"type":"if","locations":[{"start":{"line":253,"column":6},"end":{"line":257,"column":7}},{"start":{"line":253,"column":6},"end":{"line":257,"column":7}}],"line":253},"26":{"loc":{"start":{"line":258,"column":11},"end":{"line":264,"column":5}},"type":"if","locations":[{"start":{"line":258,"column":11},"end":{"line":264,"column":5}},{"start":{"line":258,"column":11},"end":{"line":264,"column":5}}],"line":258},"27":{"loc":{"start":{"line":259,"column":6},"end":{"line":263,"column":7}},"type":"if","locations":[{"start":{"line":259,"column":6},"end":{"line":263,"column":7}},{"start":{"line":259,"column":6},"end":{"line":263,"column":7}}],"line":259}},"s":{"0":32,"1":32,"2":32,"3":32,"4":32,"5":32,"6":32,"7":32,"8":32,"9":32,"10":32,"11":32,"12":32,"13":32,"14":32,"15":32,"16":32,"17":10,"18":10,"19":10,"20":27,"21":27,"22":27,"23":27,"24":27,"25":27,"26":37,"27":37,"28":35,"29":35,"30":35,"31":35,"32":37,"33":35,"34":35,"35":21,"36":14,"37":14,"38":36,"39":36,"40":1,"41":3,"42":3,"43":3,"44":3,"45":3,"46":36,"47":36,"48":36,"49":36,"50":36,"51":36,"52":41,"53":28,"54":41,"55":28,"56":41,"57":28,"58":13,"59":13,"60":2,"61":2,"62":2,"63":2,"64":1,"65":1,"66":2,"67":2,"68":0,"69":2,"70":0,"71":1,"72":1,"73":4,"74":3,"75":1,"76":1,"77":4,"78":8,"79":3,"80":3,"81":3,"82":3,"83":3,"84":3,"85":3,"86":2,"87":2,"88":1,"89":1,"90":1,"91":2,"92":1,"93":1,"94":4,"95":2,"96":2,"97":9,"98":10,"99":6,"100":10,"101":2,"102":10,"103":4,"104":6,"105":10,"106":7,"107":7,"108":3,"109":3,"110":3,"111":10,"112":7,"113":7,"114":10,"115":1,"116":10,"117":6,"118":3,"119":3,"120":8,"121":6,"122":3,"123":3,"124":2,"125":2,"126":1,"127":1,"128":6,"129":3},"f":{"0":32,"1":10,"2":27,"3":27,"4":27,"5":37,"6":35,"7":37,"8":36,"9":1,"10":3,"11":36,"12":41,"13":2,"14":0,"15":0,"16":1,"17":4,"18":8,"19":3,"20":3,"21":2,"22":4,"23":9,"24":10,"25":6,"26":8,"27":6,"28":3},"b":{"0":[27,0],"1":[35,2],"2":[37,2],"3":[21,14],"4":[14,0],"5":[28,13],"6":[28,13],"7":[28,13],"8":[1,1],"9":[2,0],"10":[3,1],"11":[1,0],"12":[1,1],"13":[1,0],"14":[1,1],"15":[2,2],"16":[6,4],"17":[2,8],"18":[4,6],"19":[7,3],"20":[3,0],"21":[7,3],"22":[1,9],"23":[3,3],"24":[6,2],"25":[3,3],"26":[2,0],"27":[1,1]},"_coverageSchema":"1a1c01bbd47fc00a2c39e90264f33305004495a9","hash":"69e0fb582bc3d01b222f15abf71bb7bcd9c39a1d"}
}
