TN:
SF:src\js\observer.ts
FN:3,(anonymous_0)
FN:7,(anonymous_1)
FN:11,(anonymous_2)
FN:12,(anonymous_3)
FN:19,(anonymous_4)
FN:20,(anonymous_5)
FNF:6
FNH:6
FNDA:3,(anonymous_0)
FNDA:3,(anonymous_1)
FNDA:12,(anonymous_2)
FNDA:8,(anonymous_3)
FNDA:1,(anonymous_4)
FNDA:1,(anonymous_5)
DA:4,3
DA:8,3
DA:12,12
DA:13,8
DA:14,8
DA:20,1
LF:6
LH:6
BRDA:13,0,0,8
BRDA:13,0,1,0
BRF:2
BRH:1
end_of_record
TN:
SF:src\js\Model\model.ts
FN:22,(anonymous_0)
FN:26,(anonymous_1)
FN:32,(anonymous_2)
FN:44,(anonymous_3)
FN:51,(anonymous_4)
FN:58,(anonymous_5)
FNF:6
FNH:6
FNDA:7,(anonymous_0)
FNDA:20,(anonymous_1)
FNDA:1,(anonymous_2)
FNDA:4,(anonymous_3)
FNDA:4,(anonymous_4)
FNDA:25,(anonymous_5)
DA:4,7
DA:23,7
DA:27,20
DA:33,1
DA:35,1
DA:36,1
DA:37,1
DA:38,1
DA:39,1
DA:40,1
DA:41,1
DA:46,4
DA:48,4
DA:53,4
DA:55,4
DA:59,25
LF:16
LH:16
BRDA:22,0,0,5
BRF:1
BRH:1
end_of_record
TN:
SF:src\js\Presenter\presenter.ts
FN:11,(anonymous_0)
FN:18,(anonymous_1)
FN:19,(anonymous_2)
FN:40,(anonymous_3)
FN:51,(anonymous_4)
FNF:5
FNH:5
FNDA:2,(anonymous_0)
FNDA:2,(anonymous_1)
FNDA:8,(anonymous_2)
FNDA:1,(anonymous_3)
FNDA:2,(anonymous_4)
DA:9,2
DA:12,2
DA:13,2
DA:15,2
DA:19,2
DA:20,8
DA:21,8
DA:23,8
DA:25,2
DA:26,2
DA:28,2
DA:29,2
DA:31,4
DA:32,4
DA:33,4
DA:37,2
DA:41,1
DA:42,1
DA:44,1
DA:45,0
DA:47,1
DA:48,1
DA:49,1
DA:52,2
DA:54,2
DA:58,2
LF:26
LH:25
BRDA:23,0,0,2
BRDA:23,0,1,2
BRDA:23,0,2,4
BRDA:44,1,0,0
BRDA:44,1,1,1
BRF:5
BRH:4
end_of_record
TN:
SF:src\js\View\subView.ts
FN:6,(anonymous_0)
FN:10,(anonymous_1)
FN:14,(anonymous_2)
FN:15,(anonymous_3)
FN:17,(anonymous_4)
FN:24,(anonymous_5)
FN:27,(anonymous_6)
FN:31,(anonymous_7)
FN:35,(anonymous_8)
FN:40,(anonymous_9)
FN:52,(anonymous_10)
FN:55,(anonymous_11)
FN:62,(anonymous_12)
FN:85,(anonymous_13)
FN:95,(anonymous_14)
FN:99,(anonymous_15)
FN:109,(anonymous_16)
FN:118,(anonymous_17)
FNF:18
FNH:17
FNDA:62,(anonymous_0)
FNDA:62,(anonymous_1)
FNDA:64,(anonymous_2)
FNDA:0,(anonymous_3)
FNDA:98,(anonymous_4)
FNDA:62,(anonymous_5)
FNDA:62,(anonymous_6)
FNDA:6,(anonymous_7)
FNDA:6,(anonymous_8)
FNDA:2,(anonymous_9)
FNDA:32,(anonymous_10)
FNDA:48,(anonymous_11)
FNDA:25,(anonymous_12)
FNDA:16,(anonymous_13)
FNDA:32,(anonymous_14)
FNDA:32,(anonymous_15)
FNDA:19,(anonymous_16)
FNDA:6,(anonymous_17)
DA:4,62
DA:5,62
DA:7,62
DA:8,62
DA:11,62
DA:15,64
DA:18,98
DA:23,62
DA:25,62
DA:28,62
DA:32,6
DA:36,6
DA:41,2
DA:44,2
DA:49,32
DA:50,32
DA:53,32
DA:56,48
DA:58,48
DA:59,2
DA:69,25
DA:70,25
DA:71,1
DA:73,24
DA:75,24
DA:76,192
DA:77,192
DA:78,192
DA:79,192
DA:80,192
DA:83,24
DA:86,16
DA:87,16
DA:92,32
DA:93,32
DA:94,32
DA:96,32
DA:100,32
DA:101,32
DA:102,32
DA:103,15
DA:105,32
DA:106,32
DA:110,19
DA:111,4
DA:112,4
DA:113,15
DA:114,15
DA:115,15
DA:119,6
DA:120,5
DA:121,5
DA:123,1
DA:124,1
LF:54
LH:54
BRDA:58,0,0,2
BRDA:58,0,1,46
BRDA:70,1,0,1
BRDA:70,1,1,24
BRDA:102,2,0,15
BRDA:102,2,1,17
BRDA:110,3,0,4
BRDA:110,3,1,15
BRDA:113,4,0,15
BRDA:113,4,1,0
BRDA:119,5,0,5
BRDA:119,5,1,1
BRF:12
BRH:11
end_of_record
TN:
SF:src\js\View\view.ts
FN:24,(anonymous_0)
FN:33,(anonymous_1)
FN:41,(anonymous_2)
FN:47,(anonymous_3)
FN:51,(anonymous_4)
FN:60,(anonymous_5)
FN:64,(anonymous_6)
FN:70,(anonymous_7)
FN:91,(anonymous_8)
FN:98,(anonymous_9)
FN:105,(anonymous_10)
FN:120,(anonymous_11)
FN:134,(anonymous_12)
FN:136,(anonymous_13)
FN:138,(anonymous_14)
FN:142,(anonymous_15)
FN:151,(anonymous_16)
FN:159,(anonymous_17)
FN:160,(anonymous_18)
FN:169,(anonymous_19)
FN:185,(anonymous_20)
FN:192,(anonymous_21)
FN:195,(anonymous_22)
FN:235,(anonymous_23)
FN:242,(anonymous_24)
FN:258,(anonymous_25)
FN:261,(anonymous_26)
FNF:27
FNH:25
FNDA:31,(anonymous_0)
FNDA:16,(anonymous_1)
FNDA:24,(anonymous_2)
FNDA:24,(anonymous_3)
FNDA:24,(anonymous_4)
FNDA:34,(anonymous_5)
FNDA:32,(anonymous_6)
FNDA:34,(anonymous_7)
FNDA:3,(anonymous_8)
FNDA:33,(anonymous_9)
FNDA:38,(anonymous_10)
FNDA:2,(anonymous_11)
FNDA:0,(anonymous_12)
FNDA:0,(anonymous_13)
FNDA:1,(anonymous_14)
FNDA:4,(anonymous_15)
FNDA:8,(anonymous_16)
FNDA:3,(anonymous_17)
FNDA:3,(anonymous_18)
FNDA:2,(anonymous_19)
FNDA:4,(anonymous_20)
FNDA:9,(anonymous_21)
FNDA:10,(anonymous_22)
FNDA:6,(anonymous_23)
FNDA:8,(anonymous_24)
FNDA:6,(anonymous_25)
FNDA:3,(anonymous_26)
DA:8,31
DA:9,31
DA:10,31
DA:12,31
DA:13,31
DA:15,31
DA:16,31
DA:17,31
DA:18,31
DA:19,31
DA:25,31
DA:26,31
DA:27,31
DA:28,31
DA:29,31
DA:30,31
DA:31,31
DA:34,16
DA:37,16
DA:38,16
DA:42,24
DA:43,24
DA:44,24
DA:48,24
DA:49,24
DA:52,24
DA:61,34
DA:62,34
DA:65,32
DA:66,32
DA:67,32
DA:68,32
DA:71,34
DA:75,34
DA:80,34
DA:81,20
DA:84,14
DA:85,14
DA:92,3
DA:93,3
DA:94,3
DA:95,3
DA:96,3
DA:99,33
DA:100,33
DA:101,33
DA:102,33
DA:103,33
DA:106,38
DA:107,25
DA:109,38
DA:110,25
DA:112,38
DA:113,25
DA:115,13
DA:116,13
DA:121,2
DA:122,2
DA:124,2
DA:127,2
DA:128,1
DA:130,1
DA:133,2
DA:134,2
DA:136,2
DA:139,1
DA:140,1
DA:143,4
DA:144,3
DA:145,1
DA:146,1
DA:149,4
DA:152,8
DA:160,3
DA:161,3
DA:162,3
DA:163,3
DA:164,3
DA:165,3
DA:166,3
DA:170,2
DA:171,2
DA:173,1
DA:174,1
DA:176,1
DA:178,2
DA:179,1
DA:181,1
DA:186,4
DA:187,2
DA:189,2
DA:193,9
DA:196,10
DA:197,6
DA:199,10
DA:200,2
DA:203,10
DA:204,4
DA:208,6
DA:212,10
DA:213,7
DA:214,7
DA:215,3
DA:216,3
DA:217,3
DA:219,10
DA:220,7
DA:221,7
DA:223,10
DA:224,1
DA:230,10
DA:236,6
DA:237,3
DA:239,3
DA:243,8
DA:244,6
DA:245,3
DA:247,3
DA:249,2
DA:250,2
DA:251,1
DA:253,1
DA:259,6
DA:262,3
LF:124
LH:124
BRDA:43,0,0,24
BRDA:43,0,1,0
BRDA:71,1,0,34
BRDA:71,1,1,0
BRDA:72,2,0,34
BRDA:72,2,1,0
BRDA:80,3,0,20
BRDA:80,3,1,14
BRDA:84,4,0,14
BRDA:84,4,1,0
BRDA:106,5,0,25
BRDA:106,5,1,13
BRDA:109,6,0,25
BRDA:109,6,1,13
BRDA:112,7,0,25
BRDA:112,7,1,13
BRDA:127,8,0,1
BRDA:127,8,1,1
BRDA:133,9,0,2
BRDA:133,9,1,0
BRDA:143,10,0,3
BRDA:143,10,1,1
BRDA:145,11,0,1
BRDA:145,11,1,0
BRDA:171,12,0,1
BRDA:171,12,1,1
BRDA:174,13,0,1
BRDA:174,13,1,0
BRDA:178,14,0,1
BRDA:178,14,1,1
BRDA:186,15,0,2
BRDA:186,15,1,2
BRDA:196,16,0,6
BRDA:196,16,1,4
BRDA:199,17,0,2
BRDA:199,17,1,8
BRDA:203,18,0,4
BRDA:203,18,1,6
BRDA:212,19,0,7
BRDA:212,19,1,3
BRDA:215,20,0,3
BRDA:215,20,1,0
BRDA:219,21,0,7
BRDA:219,21,1,3
BRDA:223,22,0,1
BRDA:223,22,1,9
BRDA:236,23,0,3
BRDA:236,23,1,3
BRDA:243,24,0,6
BRDA:243,24,1,2
BRDA:244,25,0,3
BRDA:244,25,1,3
BRDA:249,26,0,2
BRDA:249,26,1,0
BRDA:250,27,0,1
BRDA:250,27,1,1
BRF:56
BRH:47
end_of_record
