TN:
SF:src\js\observer.ts
FN:3,(anonymous_0)
FN:7,(anonymous_1)
FN:11,(anonymous_2)
FN:12,(anonymous_3)
FN:19,(anonymous_4)
FN:20,(anonymous_5)
FNF:6
FNH:6
FNDA:3,(anonymous_0)
FNDA:3,(anonymous_1)
FNDA:12,(anonymous_2)
FNDA:8,(anonymous_3)
FNDA:2,(anonymous_4)
FNDA:2,(anonymous_5)
DA:4,3
DA:8,3
DA:12,12
DA:13,8
DA:14,8
DA:20,2
LF:6
LH:6
BRDA:13,0,0,8
BRDA:13,0,1,0
BRF:2
BRH:1
end_of_record
TN:
SF:src\js\Model\model.ts
FN:22,(anonymous_0)
FN:26,(anonymous_1)
FN:32,(anonymous_2)
FN:44,(anonymous_3)
FN:51,(anonymous_4)
FN:58,(anonymous_5)
FNF:6
FNH:6
FNDA:7,(anonymous_0)
FNDA:20,(anonymous_1)
FNDA:2,(anonymous_2)
FNDA:4,(anonymous_3)
FNDA:4,(anonymous_4)
FNDA:25,(anonymous_5)
DA:4,7
DA:23,7
DA:27,20
DA:33,2
DA:35,2
DA:36,2
DA:37,2
DA:38,2
DA:39,2
DA:40,2
DA:41,2
DA:46,4
DA:48,4
DA:53,4
DA:55,4
DA:59,25
LF:16
LH:16
BRDA:22,0,0,5
BRF:1
BRH:1
end_of_record
TN:
SF:src\js\Presenter\presenter.ts
FN:12,(anonymous_0)
FN:19,(anonymous_1)
FN:35,(anonymous_2)
FN:41,(anonymous_3)
FN:52,(anonymous_4)
FNF:5
FNH:5
FNDA:2,(anonymous_0)
FNDA:8,(anonymous_1)
FNDA:2,(anonymous_2)
FNDA:2,(anonymous_3)
FNDA:2,(anonymous_4)
DA:9,2
DA:11,2
DA:13,2
DA:14,2
DA:15,2
DA:16,2
DA:20,8
DA:22,8
DA:24,2
DA:25,2
DA:27,2
DA:28,2
DA:30,4
DA:31,4
DA:33,8
DA:36,2
DA:37,2
DA:38,2
DA:42,2
DA:43,2
DA:44,2
DA:45,1
DA:46,1
DA:47,1
DA:49,1
DA:53,2
DA:54,2
LF:27
LH:27
BRDA:22,0,0,2
BRDA:22,0,1,2
BRDA:22,0,2,4
BRDA:44,1,0,1
BRDA:44,1,1,1
BRF:5
BRH:5
end_of_record
TN:
SF:src\js\View\subView.ts
FN:6,(anonymous_0)
FN:10,(anonymous_1)
FN:14,(anonymous_2)
FN:15,(anonymous_3)
FN:17,(anonymous_4)
FN:24,(anonymous_5)
FN:27,(anonymous_6)
FN:31,(anonymous_7)
FN:35,(anonymous_8)
FN:40,(anonymous_9)
FN:52,(anonymous_10)
FN:55,(anonymous_11)
FN:62,(anonymous_12)
FN:85,(anonymous_13)
FN:95,(anonymous_14)
FN:99,(anonymous_15)
FN:109,(anonymous_16)
FN:118,(anonymous_17)
FNF:18
FNH:17
FNDA:64,(anonymous_0)
FNDA:64,(anonymous_1)
FNDA:70,(anonymous_2)
FNDA:0,(anonymous_3)
FNDA:103,(anonymous_4)
FNDA:64,(anonymous_5)
FNDA:64,(anonymous_6)
FNDA:6,(anonymous_7)
FNDA:6,(anonymous_8)
FNDA:2,(anonymous_9)
FNDA:33,(anonymous_10)
FNDA:43,(anonymous_11)
FNDA:28,(anonymous_12)
FNDA:10,(anonymous_13)
FNDA:33,(anonymous_14)
FNDA:33,(anonymous_15)
FNDA:13,(anonymous_16)
FNDA:6,(anonymous_17)
DA:4,64
DA:5,64
DA:7,64
DA:8,64
DA:11,64
DA:15,70
DA:18,103
DA:23,64
DA:25,64
DA:28,64
DA:32,6
DA:36,6
DA:41,2
DA:44,2
DA:49,33
DA:50,33
DA:53,33
DA:56,43
DA:58,43
DA:59,2
DA:69,28
DA:70,28
DA:71,1
DA:73,27
DA:75,27
DA:76,216
DA:77,216
DA:78,216
DA:79,216
DA:80,216
DA:83,27
DA:86,10
DA:87,10
DA:92,33
DA:93,33
DA:94,33
DA:96,33
DA:100,33
DA:101,33
DA:102,33
DA:103,15
DA:105,33
DA:106,33
DA:110,13
DA:111,4
DA:112,4
DA:113,9
DA:114,9
DA:115,9
DA:121,6
DA:123,5
DA:124,5
DA:126,1
DA:127,1
LF:54
LH:54
BRDA:58,0,0,2
BRDA:58,0,1,41
BRDA:70,1,0,1
BRDA:70,1,1,27
BRDA:102,2,0,15
BRDA:102,2,1,18
BRDA:110,3,0,4
BRDA:110,3,1,9
BRDA:113,4,0,9
BRDA:113,4,1,0
BRDA:121,5,0,5
BRDA:121,5,1,1
BRF:12
BRH:11
end_of_record
TN:
SF:src\js\View\view.ts
FN:25,(anonymous_0)
FN:34,(anonymous_1)
FN:42,(anonymous_2)
FN:48,(anonymous_3)
FN:52,(anonymous_4)
FN:61,(anonymous_5)
FN:65,(anonymous_6)
FN:71,(anonymous_7)
FN:92,(anonymous_8)
FN:94,(anonymous_9)
FN:98,(anonymous_10)
FN:105,(anonymous_11)
FN:113,(anonymous_12)
FN:128,(anonymous_13)
FN:141,(anonymous_14)
FN:143,(anonymous_15)
FN:145,(anonymous_16)
FN:149,(anonymous_17)
FN:158,(anonymous_18)
FN:166,(anonymous_19)
FN:167,(anonymous_20)
FN:176,(anonymous_21)
FN:192,(anonymous_22)
FN:199,(anonymous_23)
FN:202,(anonymous_24)
FN:244,(anonymous_25)
FN:251,(anonymous_26)
FN:267,(anonymous_27)
FN:270,(anonymous_28)
FNF:29
FNH:27
FNDA:32,(anonymous_0)
FNDA:10,(anonymous_1)
FNDA:27,(anonymous_2)
FNDA:27,(anonymous_3)
FNDA:27,(anonymous_4)
FNDA:37,(anonymous_5)
FNDA:35,(anonymous_6)
FNDA:37,(anonymous_7)
FNDA:36,(anonymous_8)
FNDA:1,(anonymous_9)
FNDA:3,(anonymous_10)
FNDA:36,(anonymous_11)
FNDA:41,(anonymous_12)
FNDA:2,(anonymous_13)
FNDA:0,(anonymous_14)
FNDA:0,(anonymous_15)
FNDA:1,(anonymous_16)
FNDA:4,(anonymous_17)
FNDA:8,(anonymous_18)
FNDA:3,(anonymous_19)
FNDA:3,(anonymous_20)
FNDA:2,(anonymous_21)
FNDA:4,(anonymous_22)
FNDA:9,(anonymous_23)
FNDA:10,(anonymous_24)
FNDA:6,(anonymous_25)
FNDA:8,(anonymous_26)
FNDA:6,(anonymous_27)
FNDA:3,(anonymous_28)
DA:9,32
DA:10,32
DA:11,32
DA:13,32
DA:14,32
DA:16,32
DA:17,32
DA:18,32
DA:19,32
DA:20,32
DA:26,32
DA:27,32
DA:28,32
DA:29,32
DA:30,32
DA:31,32
DA:32,32
DA:35,10
DA:38,10
DA:39,10
DA:43,27
DA:44,27
DA:45,27
DA:49,27
DA:50,27
DA:53,27
DA:62,37
DA:63,37
DA:66,35
DA:67,35
DA:68,35
DA:69,35
DA:72,37
DA:76,35
DA:81,35
DA:82,21
DA:85,14
DA:86,14
DA:93,36
DA:94,36
DA:95,1
DA:99,3
DA:100,3
DA:101,3
DA:102,3
DA:103,3
DA:106,36
DA:107,36
DA:108,36
DA:109,36
DA:110,36
DA:111,36
DA:114,41
DA:115,28
DA:117,41
DA:118,28
DA:120,41
DA:121,28
DA:123,13
DA:124,13
DA:129,2
DA:130,2
DA:132,2
DA:134,2
DA:135,1
DA:137,1
DA:140,2
DA:141,2
DA:143,2
DA:146,1
DA:147,1
DA:150,4
DA:151,3
DA:152,1
DA:153,1
DA:156,4
DA:159,8
DA:167,3
DA:168,3
DA:169,3
DA:170,3
DA:171,3
DA:172,3
DA:173,3
DA:177,2
DA:178,2
DA:180,1
DA:181,1
DA:183,1
DA:185,2
DA:186,1
DA:188,1
DA:193,4
DA:194,2
DA:196,2
DA:200,9
DA:203,10
DA:204,6
DA:206,10
DA:207,2
DA:210,10
DA:211,4
DA:215,6
DA:220,10
DA:221,7
DA:222,7
DA:223,3
DA:224,3
DA:225,3
DA:227,10
DA:228,7
DA:229,7
DA:232,10
DA:233,1
DA:239,10
DA:245,6
DA:246,3
DA:248,3
DA:252,8
DA:253,6
DA:254,3
DA:256,3
DA:258,2
DA:259,2
DA:260,1
DA:262,1
DA:268,6
DA:271,3
LF:128
LH:128
BRDA:44,0,0,27
BRDA:44,0,1,0
BRDA:72,1,0,35
BRDA:72,1,1,2
BRDA:73,2,0,37
BRDA:73,2,1,2
BRDA:81,3,0,21
BRDA:81,3,1,14
BRDA:85,4,0,14
BRDA:85,4,1,0
BRDA:114,5,0,28
BRDA:114,5,1,13
BRDA:117,6,0,28
BRDA:117,6,1,13
BRDA:120,7,0,28
BRDA:120,7,1,13
BRDA:134,8,0,1
BRDA:134,8,1,1
BRDA:140,9,0,2
BRDA:140,9,1,0
BRDA:150,10,0,3
BRDA:150,10,1,1
BRDA:152,11,0,1
BRDA:152,11,1,0
BRDA:178,12,0,1
BRDA:178,12,1,1
BRDA:181,13,0,1
BRDA:181,13,1,0
BRDA:185,14,0,1
BRDA:185,14,1,1
BRDA:193,15,0,2
BRDA:193,15,1,2
BRDA:203,16,0,6
BRDA:203,16,1,4
BRDA:206,17,0,2
BRDA:206,17,1,8
BRDA:210,18,0,4
BRDA:210,18,1,6
BRDA:220,19,0,7
BRDA:220,19,1,3
BRDA:223,20,0,3
BRDA:223,20,1,0
BRDA:227,21,0,7
BRDA:227,21,1,3
BRDA:232,22,0,1
BRDA:232,22,1,9
BRDA:245,23,0,3
BRDA:245,23,1,3
BRDA:252,24,0,6
BRDA:252,24,1,2
BRDA:253,25,0,3
BRDA:253,25,1,3
BRDA:258,26,0,2
BRDA:258,26,1,0
BRDA:259,27,0,1
BRDA:259,27,1,1
BRF:56
BRH:49
end_of_record
